Log file open, 04/25/19 15:35:34
LogWindows: Failed to load 'aqProf.dll' (GetLastError=126)
LogWindows: File 'aqProf.dll' does not exist
LogWindows: Failed to load 'VtuneApi.dll' (GetLastError=126)
LogWindows: File 'VtuneApi.dll' does not exist
LogWindows: Failed to load 'VtuneApi32e.dll' (GetLastError=126)
LogWindows: File 'VtuneApi32e.dll' does not exist
LogInit: Display: Running engine for game: TheDen
LogPlatformFile: Not using cached read wrapper
LogInit: Display: RandInit(1095931685) SRandInit(1095931685).
LogInit: Read version file with build ID '3944462'
LogInit: Overriding engine version to CL 4033788, compatible CL 3944462
LogInit: Registered custom module enumerator with build ID '3944462'
LogTaskGraph: Started task graph with 5 named threads and 23 total threads with 3 sets of task threads.
LogStats: Stats thread started at 0.513624
LogD3D11RHI: Aftermath initialized
LogICUInternationalization: Display: ICU TimeZone Detection - Raw Offset: +0:00, Platform Override: ''
LogModuleManager: Display: Found up-to-date module file ../../../Engine/Plugins/2D/Paper2D/Binaries/Win64/UE4Editor-Paper2D.dll (API version 3944462).
LogModuleManager: Display: Found up-to-date module file ../../../Engine/Plugins/2D/Paper2D/Binaries/Win64/UE4Editor-Paper2DEditor.dll (API version 3944462).
LogModuleManager: Display: Found up-to-date module file ../../../Engine/Plugins/2D/Paper2D/Binaries/Win64/UE4Editor-PaperSpriteSheetImporter.dll (API version 3944462).
LogModuleManager: Display: Found up-to-date module file ../../../Engine/Plugins/2D/Paper2D/Binaries/Win64/UE4Editor-PaperTiledImporter.dll (API version 3944462).
LogModuleManager: Display: Found up-to-date module file ../../../Engine/Plugins/2D/Paper2D/Binaries/Win64/UE4Editor-SmartSnapping.dll (API version 3944462).
LogModuleManager: Display: Found up-to-date module file ../../../Engine/Plugins/Blendables/LightPropagationVolume/Binaries/Win64/UE4Editor-LightPropagationVolumeRuntime.dll (API version 3944462).
LogModuleManager: Display: Found up-to-date module file ../../../Engine/Plugins/Blendables/LightPropagationVolume/Binaries/Win64/UE4Editor-LightPropagationVolumeEditor.dll (API version 3944462).
LogModuleManager: Display: Found up-to-date module file ../../../Engine/Plugins/Developer/CLionSourceCodeAccess/Binaries/Win64/UE4Editor-CLionSourceCodeAccess.dll (API version 3944462).
LogModuleManager: Display: Found up-to-date module file ../../../Engine/Plugins/Developer/GitSourceControl/Binaries/Win64/UE4Editor-GitSourceControl.dll (API version 3944462).
LogModuleManager: Display: Found up-to-date module file ../../../Engine/Plugins/Developer/PerforceSourceControl/Binaries/Win64/UE4Editor-PerforceSourceControl.dll (API version 3944462).
LogModuleManager: Display: Found up-to-date module file ../../../Engine/Plugins/Developer/SubversionSourceControl/Binaries/Win64/UE4Editor-SubversionSourceControl.dll (API version 3944462).
LogModuleManager: Display: Found up-to-date module file ../../../Engine/Plugins/Developer/UObjectPlugin/Binaries/Win64/UE4Editor-UObjectPlugin.dll (API version 3944462).
LogModuleManager: Display: Found up-to-date module file ../../../Engine/Plugins/Developer/VisualStudioCodeSourceCodeAccess/Binaries/Win64/UE4Editor-VisualStudioCodeSourceCodeAccess.dll (API version 3944462).
LogModuleManager: Display: Found up-to-date module file ../../../Engine/Plugins/Developer/VisualStudioSourceCodeAccess/Binaries/Win64/UE4Editor-VisualStudioSourceCodeAccess.dll (API version 3944462).
LogModuleManager: Display: Found up-to-date module file ../../../Engine/Plugins/Editor/AssetManagerEditor/Binaries/Win64/UE4Editor-AssetManagerEditor.dll (API version 3944462).
LogModuleManager: Display: Found up-to-date module file ../../../Engine/Plugins/Editor/CryptoKeys/Binaries/Win64/UE4Editor-CryptoKeys.dll (API version 3944462).
LogModuleManager: Display: Found up-to-date module file ../../../Engine/Plugins/Editor/CryptoKeys/Binaries/Win64/UE4Editor-CryptoKeysOpenSSL.dll (API version 3944462).
LogModuleManager: Display: Found up-to-date module file ../../../Engine/Plugins/Editor/DataValidation/Binaries/Win64/UE4Editor-DataValidation.dll (API version 3944462).
LogModuleManager: Display: Found up-to-date module file ../../../Engine/Plugins/Editor/FacialAnimation/Binaries/Win64/UE4Editor-FacialAnimation.dll (API version 3944462).
LogModuleManager: Display: Found up-to-date module file ../../../Engine/Plugins/Editor/FacialAnimation/Binaries/Win64/UE4Editor-FacialAnimationEditor.dll (API version 3944462).
LogModuleManager: Display: Found up-to-date module file ../../../Engine/Plugins/Editor/GameplayTagsEditor/Binaries/Win64/UE4Editor-GameplayTagsEditor.dll (API version 3944462).
LogModuleManager: Display: Found up-to-date module file ../../../Engine/Plugins/Editor/MobileLauncherProfileWizard/Binaries/Win64/UE4Editor-MobileLauncherProfileWizard.dll (API version 3944462).
LogModuleManager: Display: Found up-to-date module file ../../../Engine/Plugins/Editor/PluginBrowser/Binaries/Win64/UE4Editor-PluginBrowser.dll (API version 3944462).
LogModuleManager: Display: Found up-to-date module file ../../../Engine/Plugins/Editor/SpeedTreeImporter/Binaries/Win64/UE4Editor-SpeedTreeImporter.dll (API version 3944462).
LogModuleManager: Display: Found up-to-date module file ../../../Engine/Plugins/Enterprise/DatasmithContent/Binaries/Win64/UE4Editor-DatasmithContent.dll (API version 3944462).
LogModuleManager: Display: Found up-to-date module file ../../../Engine/Plugins/Experimental/AlembicImporter/Binaries/Win64/UE4Editor-AlembicImporter.dll (API version 3944462).
LogModuleManager: Display: Found up-to-date module file ../../../Engine/Plugins/Experimental/AlembicImporter/Binaries/Win64/UE4Editor-AlembicLibrary.dll (API version 3944462).
LogModuleManager: Display: Found up-to-date module file ../../../Engine/Plugins/Experimental/CharacterAI/Binaries/Win64/UE4Editor-CharacterAI.dll (API version 3944462).
LogModuleManager: Display: Found up-to-date module file ../../../Engine/Plugins/Experimental/HTML5Networking/Binaries/Win64/UE4Editor-HTML5Networking.dll (API version 3944462).
LogModuleManager: Display: Found up-to-date module file ../../../Engine/Plugins/Media/AndroidMedia/Binaries/Win64/UE4Editor-AndroidMediaEditor.dll (API version 3944462).
LogModuleManager: Display: Found up-to-date module file ../../../Engine/Plugins/Media/AndroidMedia/Binaries/Win64/UE4Editor-AndroidMediaFactory.dll (API version 3944462).
LogModuleManager: Display: Found up-to-date module file ../../../Engine/Plugins/Media/AvfMedia/Binaries/Win64/UE4Editor-AvfMediaEditor.dll (API version 3944462).
LogModuleManager: Display: Found up-to-date module file ../../../Engine/Plugins/Media/AvfMedia/Binaries/Win64/UE4Editor-AvfMediaFactory.dll (API version 3944462).
LogModuleManager: Display: Found up-to-date module file ../../../Engine/Plugins/Media/AvfMedia/Binaries/Win64/UE4Editor-AvfMediaFactory.dll (API version 3944462).
LogModuleManager: Display: Found up-to-date module file ../../../Engine/Plugins/Media/ImgMedia/Binaries/Win64/UE4Editor-ImgMedia.dll (API version 3944462).
LogModuleManager: Display: Found up-to-date module file ../../../Engine/Plugins/Media/ImgMedia/Binaries/Win64/UE4Editor-ImgMediaEditor.dll (API version 3944462).
LogModuleManager: Display: Found up-to-date module file ../../../Engine/Plugins/Media/ImgMedia/Binaries/Win64/UE4Editor-ImgMediaFactory.dll (API version 3944462).
LogModuleManager: Display: Found up-to-date module file ../../../Engine/Plugins/Media/ImgMedia/Binaries/Win64/UE4Editor-ImgMediaFactory.dll (API version 3944462).
LogModuleManager: Display: Found up-to-date module file ../../../Engine/Plugins/Media/ImgMedia/Binaries/Win64/UE4Editor-OpenExrWrapper.dll (API version 3944462).
LogModuleManager: Display: Found up-to-date module file ../../../Engine/Plugins/Media/LinearTimecode/Binaries/Win64/UE4Editor-LinearTimecode.dll (API version 3944462).
LogModuleManager: Display: Found up-to-date module file ../../../Engine/Plugins/Media/MediaCompositing/Binaries/Win64/UE4Editor-MediaCompositing.dll (API version 3944462).
LogModuleManager: Display: Found up-to-date module file ../../../Engine/Plugins/Media/MediaCompositing/Binaries/Win64/UE4Editor-MediaCompositingEditor.dll (API version 3944462).
LogModuleManager: Display: Found up-to-date module file ../../../Engine/Plugins/Media/MediaPlayerEditor/Binaries/Win64/UE4Editor-MediaPlayerEditor.dll (API version 3944462).
LogModuleManager: Display: Found up-to-date module file ../../../Engine/Plugins/Media/WmfMedia/Binaries/Win64/UE4Editor-WmfMedia.dll (API version 3944462).
LogModuleManager: Display: Found up-to-date module file ../../../Engine/Plugins/Media/WmfMedia/Binaries/Win64/UE4Editor-WmfMediaEditor.dll (API version 3944462).
LogModuleManager: Display: Found up-to-date module file ../../../Engine/Plugins/Media/WmfMedia/Binaries/Win64/UE4Editor-WmfMediaFactory.dll (API version 3944462).
LogModuleManager: Display: Found up-to-date module file ../../../Engine/Plugins/Media/WmfMedia/Binaries/Win64/UE4Editor-WmfMediaFactory.dll (API version 3944462).
LogModuleManager: Display: Found up-to-date module file ../../../Engine/Plugins/Messaging/TcpMessaging/Binaries/Win64/UE4Editor-TcpMessaging.dll (API version 3944462).
LogModuleManager: Display: Found up-to-date module file ../../../Engine/Plugins/Messaging/UdpMessaging/Binaries/Win64/UE4Editor-UdpMessaging.dll (API version 3944462).
LogModuleManager: Display: Found up-to-date module file ../../../Engine/Plugins/MovieScene/ActorSequence/Binaries/Win64/UE4Editor-ActorSequence.dll (API version 3944462).
LogModuleManager: Display: Found up-to-date module file ../../../Engine/Plugins/MovieScene/LevelSequenceEditor/Binaries/Win64/UE4Editor-LevelSequenceEditor.dll (API version 3944462).
LogModuleManager: Display: Found up-to-date module file ../../../Engine/Plugins/MovieScene/MatineeToLevelSequence/Binaries/Win64/UE4Editor-MatineeToLevelSequence.dll (API version 3944462).
LogModuleManager: Display: Found up-to-date module file ../../../Engine/Plugins/NetcodeUnitTest/NetcodeUnitTest/Binaries/Win64/UE4Editor-NetcodeUnitTest.dll (API version 3944462).
LogModuleManager: Display: Found up-to-date module file ../../../Engine/Plugins/NetcodeUnitTest/NUTUnrealEngine4/Binaries/Win64/UE4Editor-NUTUnrealEngine4.dll (API version 3944462).
LogModuleManager: Display: Found up-to-date module file ../../../Engine/Plugins/Online/OnlineSubsystem/Binaries/Win64/UE4Editor-OnlineSubsystem.dll (API version 3944462).
LogModuleManager: Display: Found up-to-date module file ../../../Engine/Plugins/Runtime/AndroidPermission/Binaries/Win64/UE4Editor-AndroidPermission.dll (API version 3944462).
LogModuleManager: Display: Found up-to-date module file ../../../Engine/Plugins/Online/OnlineSubsystemNull/Binaries/Win64/UE4Editor-OnlineSubsystemNull.dll (API version 3944462).
LogModuleManager: Display: Found up-to-date module file ../../../Engine/Plugins/Online/OnlineSubsystemUtils/Binaries/Win64/UE4Editor-OnlineSubsystemUtils.dll (API version 3944462).
LogModuleManager: Display: Found up-to-date module file ../../../Engine/Plugins/Online/OnlineSubsystemUtils/Binaries/Win64/UE4Editor-OnlineBlueprintSupport.dll (API version 3944462).
LogModuleManager: Display: Found up-to-date module file ../../../Engine/Plugins/Runtime/AndroidDeviceProfileSelector/Binaries/Win64/UE4Editor-AndroidDeviceProfileSelector.dll (API version 3944462).
LogModuleManager: Display: Found up-to-date module file ../../../Engine/Plugins/Runtime/AppleARKit/Binaries/Win64/UE4Editor-AppleARKit.dll (API version 3944462).
LogModuleManager: Display: Found up-to-date module file ../../../Engine/Plugins/Runtime/ProceduralMeshComponent/Binaries/Win64/UE4Editor-ProceduralMeshComponent.dll (API version 3944462).
LogModuleManager: Display: Found up-to-date module file ../../../Engine/Plugins/Runtime/ProceduralMeshComponent/Binaries/Win64/UE4Editor-ProceduralMeshComponentEditor.dll (API version 3944462).
LogModuleManager: Display: Found up-to-date module file ../../../Engine/Plugins/Animation/LiveLink/Binaries/Win64/UE4Editor-LiveLink.dll (API version 3944462).
LogModuleManager: Display: Found up-to-date module file ../../../Engine/Plugins/Animation/LiveLink/Binaries/Win64/UE4Editor-LiveLinkEditor.dll (API version 3944462).
LogModuleManager: Display: Found up-to-date module file ../../../Engine/Plugins/Runtime/ArchVisCharacter/Binaries/Win64/UE4Editor-ArchVisCharacter.dll (API version 3944462).
LogModuleManager: Display: Found up-to-date module file ../../../Engine/Plugins/Runtime/AudioCapture/Binaries/Win64/UE4Editor-AudioCapture.dll (API version 3944462).
LogModuleManager: Display: Found up-to-date module file ../../../Engine/Plugins/Runtime/AudioCapture/Binaries/Win64/UE4Editor-AudioCaptureEditor.dll (API version 3944462).
LogModuleManager: Display: Found up-to-date module file ../../../Engine/Plugins/Runtime/CableComponent/Binaries/Win64/UE4Editor-CableComponent.dll (API version 3944462).
LogModuleManager: Display: Found up-to-date module file ../../../Engine/Plugins/Runtime/CustomMeshComponent/Binaries/Win64/UE4Editor-CustomMeshComponent.dll (API version 3944462).
LogModuleManager: Display: Found up-to-date module file ../../../Engine/Plugins/Runtime/ExampleDeviceProfileSelector/Binaries/Win64/UE4Editor-ExampleDeviceProfileSelector.dll (API version 3944462).
LogModuleManager: Display: Found up-to-date module file ../../../Engine/Plugins/Runtime/ImmediatePhysics/Binaries/Win64/UE4Editor-ImmediatePhysics.dll (API version 3944462).
LogModuleManager: Display: Found up-to-date module file ../../../Engine/Plugins/Runtime/ImmediatePhysics/Binaries/Win64/UE4Editor-ImmediatePhysicsEditor.dll (API version 3944462).
LogModuleManager: Display: Found up-to-date module file ../../../Engine/Plugins/Runtime/LocationServicesBPLibrary/Binaries/Win64/UE4Editor-LocationServicesBPLibrary.dll (API version 3944462).
LogModuleManager: Display: Found up-to-date module file ../../../Engine/Plugins/Runtime/MobilePatchingUtils/Binaries/Win64/UE4Editor-MobilePatchingUtils.dll (API version 3944462).
LogModuleManager: Display: Found up-to-date module file ../../../Engine/Plugins/Runtime/Oculus/OculusVR/Binaries/Win64/UE4Editor-OculusHMD.dll (API version 3944462).
LogModuleManager: Display: Found up-to-date module file ../../../Engine/Plugins/Runtime/Oculus/OculusVR/Binaries/Win64/UE4Editor-OculusInput.dll (API version 3944462).
LogModuleManager: Display: Found up-to-date module file ../../../Engine/Plugins/Runtime/Oculus/OculusVR/Binaries/Win64/UE4Editor-OculusEditor.dll (API version 3944462).
LogModuleManager: Display: Found up-to-date module file ../../../Engine/Plugins/Runtime/PhysXVehicles/Binaries/Win64/UE4Editor-PhysXVehicles.dll (API version 3944462).
LogModuleManager: Display: Found up-to-date module file ../../../Engine/Plugins/Runtime/PhysXVehicles/Binaries/Win64/UE4Editor-PhysXVehiclesEditor.dll (API version 3944462).
LogModuleManager: Display: Found up-to-date module file ../../../Engine/Plugins/Runtime/RuntimePhysXCooking/Binaries/Win64/UE4Editor-RuntimePhysXCooking.dll (API version 3944462).
LogModuleManager: Display: Found up-to-date module file ../../../Engine/Plugins/Runtime/Steam/SteamVR/Binaries/Win64/UE4Editor-SteamVR.dll (API version 3944462).
LogModuleManager: Display: Found up-to-date module file ../../../Engine/Plugins/Runtime/Steam/SteamVR/Binaries/Win64/UE4Editor-SteamVRController.dll (API version 3944462).
LogModuleManager: Display: Found up-to-date module file ../../../Engine/Plugins/Runtime/WindowsMoviePlayer/Binaries/Win64/UE4Editor-WindowsMoviePlayer.dll (API version 3944462).
LogPluginManager: Mounting plugin Paper2D
LogPluginManager: Mounting plugin LiveLink
LogPluginManager: Mounting plugin LightPropagationVolume
LogPluginManager: Mounting plugin CLionSourceCodeAccess
LogPluginManager: Mounting plugin CodeLiteSourceCodeAccess
LogPluginManager: Mounting plugin GitSourceControl
LogPluginManager: Mounting plugin KDevelopSourceCodeAccess
LogPluginManager: Mounting plugin NullSourceCodeAccess
LogPluginManager: Mounting plugin PerforceSourceControl
LogPluginManager: Mounting plugin SubversionSourceControl
LogPluginManager: Mounting plugin UObjectPlugin
LogPluginManager: Mounting plugin VisualStudioCodeSourceCodeAccess
LogPluginManager: Mounting plugin VisualStudioSourceCodeAccess
LogPluginManager: Mounting plugin XCodeSourceCodeAccess
LogPluginManager: Mounting plugin AssetManagerEditor
LogPluginManager: Mounting plugin CryptoKeys
LogPluginManager: Mounting plugin DataValidation
LogPluginManager: Mounting plugin FacialAnimation
LogPluginManager: Mounting plugin GameplayTagsEditor
LogPluginManager: Mounting plugin MobileLauncherProfileWizard
LogPluginManager: Mounting plugin PluginBrowser
LogPluginManager: Mounting plugin SpeedTreeImporter
LogPluginManager: Mounting plugin DatasmithContent
LogPluginManager: Mounting plugin AlembicImporter
LogPluginManager: Mounting plugin CharacterAI
LogPluginManager: Mounting plugin HTML5Networking
LogPluginManager: Mounting plugin AndroidMedia
LogPluginManager: Mounting plugin AvfMedia
LogPluginManager: Mounting plugin ImgMedia
LogPluginManager: Mounting plugin LinearTimecode
LogPluginManager: Mounting plugin MediaCompositing
LogPluginManager: Mounting plugin MediaPlayerEditor
LogPluginManager: Mounting plugin WmfMedia
LogPluginManager: Mounting plugin TcpMessaging
LogPluginManager: Mounting plugin UdpMessaging
LogPluginManager: Mounting plugin ActorSequence
LogPluginManager: Mounting plugin LevelSequenceEditor
LogPluginManager: Mounting plugin MatineeToLevelSequence
LogPluginManager: Mounting plugin NetcodeUnitTest
LogPluginManager: Mounting plugin NUTUnrealEngine4
LogPluginManager: Mounting plugin OnlineSubsystemGooglePlay
LogPluginManager: Mounting plugin OnlineSubsystemIOS
LogPluginManager: Mounting plugin OnlineSubsystem
LogPluginManager: Mounting plugin OnlineSubsystemNull
LogPluginManager: Mounting plugin OnlineSubsystemUtils
LogPluginManager: Mounting plugin AndroidDeviceProfileSelector
LogPluginManager: Mounting plugin AndroidMoviePlayer
LogPluginManager: Mounting plugin AndroidPermission
LogPluginManager: Mounting plugin AppleARKit
LogPluginManager: Mounting plugin AppleMoviePlayer
LogPluginManager: Mounting plugin ArchVisCharacter
LogPluginManager: Mounting plugin AudioCapture
LogPluginManager: Mounting plugin CableComponent
LogPluginManager: Mounting plugin CustomMeshComponent
LogPluginManager: Mounting plugin ExampleDeviceProfileSelector
LogPluginManager: Mounting plugin GoogleCloudMessaging
LogPluginManager: Mounting plugin ImmediatePhysics
LogPluginManager: Mounting plugin IOSDeviceProfileSelector
LogPluginManager: Mounting plugin LinuxDeviceProfileSelector
LogPluginManager: Mounting plugin LocationServicesBPLibrary
LogPluginManager: Mounting plugin MobilePatchingUtils
LogPluginManager: Mounting plugin OculusVR
LogPluginManager: Plugin shader directory ../../../Engine/Plugins/Runtime/Oculus/OculusVR/Shaders found
LogPluginManager: Mapping shader source directory ../../../Engine/Plugins/Runtime/Oculus/OculusVR/Shaders to virtual directory /Plugin/OculusVR
LogPluginManager: Mounting plugin PhysXVehicles
LogPluginManager: Mounting plugin ProceduralMeshComponent
LogPluginManager: Mounting plugin RuntimePhysXCooking
LogPluginManager: Mounting plugin SteamVR
LogPluginManager: Mounting plugin WindowsMoviePlayer
LogStreaming: Display: Took  5.201s to configure plugins.
LogInit: Using libcurl 7.47.1
LogInit:  - built for x86_64-pc-win32
LogInit:  - supports SSL with OpenSSL/1.0.2g
LogInit:  - supports HTTP deflate (compression) using libz 1.2.8
LogInit:  - other features:
LogInit:      CURL_VERSION_SSL
LogInit:      CURL_VERSION_LIBZ
LogInit:      CURL_VERSION_IPV6
LogInit:      CURL_VERSION_ASYNCHDNS
LogInit:      CURL_VERSION_LARGEFILE
LogInit:      CURL_VERSION_IDN
LogInit:  CurlRequestOptions (configurable via config and command line):
LogInit:  - bVerifyPeer = false  - Libcurl will NOT verify peer certificate
LogInit:  - bUseHttpProxy = false  - Libcurl will NOT use HTTP proxy
LogInit:  - bDontReuseConnections = false  - Libcurl will reuse connections
LogInit:  - CertBundlePath = nullptr  - Libcurl will use whatever was configured at build time.
LogInit:  - MaxHostConnections = 16  - Libcurl will limit the number of connections to a host
LogInit:  - LocalHostAddr = Default
LogInit: WinSock: version 1.1 (2.2), MaxSocks=32767, MaxUdp=65467
LogInit: WinSock: I am DESKTOP-NA5M34A (100.72.162.90:0)
LogInit: Build: ++UE4+Release-4.19-CL-4033788
LogInit: Engine Version: 4.19.2-4033788+++UE4+Release-4.19
LogInit: Compatible Engine Version: 4.19.0-3944462+++UE4+Release-4.19
LogInit: Net CL: 3944462
LogDevObjectVersion: Number of dev versions registered: 18
LogDevObjectVersion:   Dev-Blueprints (B0D832E4-1F89-4F0D-ACCF-7EB736FD4AA2): 10
LogDevObjectVersion:   Dev-Build (E1C64328-A22C-4D53-A36C-8E866417BD8C): 0
LogDevObjectVersion:   Dev-Core (375EC13C-06E4-48FB-B500-84F0262A717E): 2
LogDevObjectVersion:   Dev-Editor (E4B068ED-F494-42E9-A231-DA0B2E46BB41): 23
LogDevObjectVersion:   Dev-Framework (CFFC743F-43B0-4480-9391-14DF171D2073): 33
LogDevObjectVersion:   Dev-Mobile (B02B49B5-BB20-44E9-A304-32B752E40360): 2
LogDevObjectVersion:   Dev-Networking (A4E4105C-59A1-49B5-A7C5-40C4547EDFEE): 0
LogDevObjectVersion:   Dev-Online (39C831C9-5AE6-47DC-9A44-9C173E1C8E7C): 0
LogDevObjectVersion:   Dev-Physics (78F01B33-EBEA-4F98-B9B4-84EACCB95AA2): 0
LogDevObjectVersion:   Dev-Platform (6631380F-2D4D-43E0-8009-CF276956A95A): 0
LogDevObjectVersion:   Dev-Rendering (12F88B9F-8875-4AFC-A67C-D90C383ABD29): 25
LogDevObjectVersion:   Dev-Sequencer (7B5AE74C-D270-4C10-A958-57980B212A5A): 6
LogDevObjectVersion:   Dev-VR (D7296918-1DD6-4BDD-9DE2-64A83CC13884): 1
LogDevObjectVersion:   Dev-LoadTimes (C2A15278-BFE7-4AFE-6C17-90FF531DF755): 1
LogDevObjectVersion:   Private-Geometry (6EACA3D4-40EC-4CC1-B786-8BED09428FC5): 2
LogDevObjectVersion:   Dev-AnimPhys (29E575DD-E0A3-4627-9D10-D276232CDCEA): 16
LogDevObjectVersion:   Dev-ReflectionCapture (6B266CEC-1EC7-4B8F-A30B-E4D90942FC07): 1
LogDevObjectVersion:   Dev-Automation (0DF73D61-A23F-47EA-B727-89E90C41499A): 1
LogInit: Compiled (64-bit): Apr 27 2018 02:06:57
LogInit: Compiled with Visual C++: 19.00.24215.01
LogInit: Build Configuration: Development
LogInit: Branch Name: ++UE4+Release-4.19
LogInit: Command Line: -EpicPortal  -epicusername="Azerty_333" -epicuserid=be48acb5dc834a04812c9df78542e6b3 -epiclocale=en-US
LogInit: Base Directory: C:/Program Files/Epic Games/UE_4.19/Engine/Binaries/Win64/
LogInit: Installed Engine Build: 1
LogStreaming: Display: Took  0.014s to delete old logs.
LogInit: Presizing for max 8388607 objects, including 0 objects not considered by GC, pre-allocating 0 bytes for permanent pool.
LogInit: Object subsystem initialized
[2019.04.25-14.35.41:095][  0]LogInit: Selected Device Profile: [Windows]
[2019.04.25-14.35.41:095][  0]LogInit: Applying CVar settings loaded from the selected device profile: [Windows]
[2019.04.25-14.35.41:196][  0]LogInit: Computer: DESKTOP-NA5M34A
[2019.04.25-14.35.41:196][  0]LogInit: User: Dominique
[2019.04.25-14.35.41:196][  0]LogInit: CPU Page size=4096, Cores=4
[2019.04.25-14.35.41:196][  0]LogInit: High frequency timer resolution =2.250002 MHz
[2019.04.25-14.35.41:201][  0]LogMemory: Memory total: Physical=7.9GB (8GB approx)
[2019.04.25-14.35.41:201][  0]LogMemory: Platform Memory Stats for Windows
[2019.04.25-14.35.41:201][  0]LogMemory: Process Physical Memory: 275.64 MB used, 275.64 MB peak
[2019.04.25-14.35.41:201][  0]LogMemory: Process Virtual Memory: 280.94 MB used, 280.94 MB peak
[2019.04.25-14.35.41:201][  0]LogMemory: Physical Memory: 6066.64 MB used,  1986.02 MB free, 8052.66 MB total
[2019.04.25-14.35.41:201][  0]LogMemory: Virtual Memory: 4806.78 MB used,  1986.02 MB free, 134217728.00 MB total
[2019.04.25-14.35.41:324][  0]LogInit: Using OS detected language (en-US).
[2019.04.25-14.35.41:324][  0]LogInit: Using OS detected locale (en-GB).
[2019.04.25-14.35.41:345][  0]LogTextLocalizationManager: No specific localization for 'en-US' exists, so the 'en' localization will be used.
[2019.04.25-14.35.43:456][  0]LogStreaming: Display: Took  2.132s to EndInitTextLocalization.
[2019.04.25-14.35.43:457][  0]LogInit: Setting process to per monitor DPI aware
[2019.04.25-14.35.43:673][  0]LogSlate: New Slate User Created.  User Index 0, Is Virtual User: 0
[2019.04.25-14.35.43:674][  0]LogSlate: Slate User Registered.  User Index 0, Is Virtual User: 0
[2019.04.25-14.35.44:690][  0]LogD3D11RHI: D3D11 adapters:
[2019.04.25-14.35.45:007][  0]LogD3D11RHI:    0. 'NVIDIA GeForce GTX 1050' (Feature Level 11_0)
[2019.04.25-14.35.45:007][  0]LogD3D11RHI:       4019/0/4026 MB DedicatedVideo/DedicatedSystem/SharedSystem, Outputs:1, VendorId:0x10de
[2019.04.25-14.35.45:045][  0]LogD3D11RHI:    1. 'Intel(R) UHD Graphics 630' (Feature Level 11_0)
[2019.04.25-14.35.45:045][  0]LogD3D11RHI:       128/0/4026 MB DedicatedVideo/DedicatedSystem/SharedSystem, Outputs:0, VendorId:0x8086
[2019.04.25-14.35.45:052][  0]LogD3D11RHI:    2. 'Microsoft Basic Render Driver' (Feature Level 11_0)
[2019.04.25-14.35.45:052][  0]LogD3D11RHI:       0/0/4026 MB DedicatedVideo/DedicatedSystem/SharedSystem, Outputs:0, VendorId:0x1414
[2019.04.25-14.35.45:052][  0]LogD3D11RHI: Chosen D3D11 Adapter: 0
[2019.04.25-14.35.45:131][  0]LogD3D11RHI: Creating new Direct3DDevice
[2019.04.25-14.35.45:131][  0]LogD3D11RHI:     GPU DeviceId: 0x1c8d (for the marketing name, search the web for "GPU Device Id")
[2019.04.25-14.35.45:131][  0]LogWindows: EnumDisplayDevices:
[2019.04.25-14.35.45:132][  0]LogWindows:    0. 'Intel(R) UHD Graphics 630' (P:1 D:1)
[2019.04.25-14.35.45:133][  0]LogWindows:    1. 'Intel(R) UHD Graphics 630' (P:0 D:0)
[2019.04.25-14.35.45:134][  0]LogWindows:    2. 'Intel(R) UHD Graphics 630' (P:0 D:0)
[2019.04.25-14.35.45:135][  0]LogWindows:    3. 'NVIDIA GeForce GTX 1050' (P:0 D:0)
[2019.04.25-14.35.45:136][  0]LogWindows: DebugString: GetVideoDriverDetailsInvalid PrimaryIsNotTheChoosenAdapter GetVideoDriverDetailsInvalid PrimaryIsNotTheChoosenAdapter GetVideoDriverDetailsInvalid PrimaryIsNotTheChoosenAdapter GetVideoDriverDetailsInvalid PrimaryIsNotTheChoosenAdapter FoundDriverCount:0 
[2019.04.25-14.35.45:136][  0]LogD3D11RHI:     Adapter Name: NVIDIA GeForce GTX 1050
[2019.04.25-14.35.45:136][  0]LogD3D11RHI:   Driver Version: Unknown (internal:Unknown, unified:Unknown)
[2019.04.25-14.35.45:136][  0]LogD3D11RHI:      Driver Date: Unknown
[2019.04.25-14.35.45:136][  0]LogRHI: Texture pool is 2813 MB (70% of 4019 MB)
[2019.04.25-14.35.45:289][  0]LogD3D11RHI: [Aftermath] Aftermath enabled and primed
[2019.04.25-14.35.45:289][  0]LogD3D11RHI: [Aftermath] Aftermath enabled and primed
[2019.04.25-14.35.45:289][  0]LogD3D11RHI: Async texture creation enabled
[2019.04.25-14.35.45:368][  0]LogD3D11RHI: GPU Timing Frequency: 1000.000000 (Debug: 2 2)
[2019.04.25-14.35.45:371][  0]LogShaderCompilers: Guid format shader working directory is -2 characters bigger than the processId version (../../../../../../GitHub/3DLevelDesign/TheDen/TheDen/Intermediate/Shaders/WorkingDirectory/4312/).
[2019.04.25-14.35.45:371][  0]LogShaderCompilers: Cleaned the shader compiler working directory 'C:/Users/Dominique/AppData/Local/Temp/UnrealShaderWorkingDir/2088B25D45AA183C5D4E0A91A7400865/'.
[2019.04.25-14.35.46:385][  0]LogTemp: Display: Loaded TP AllDesktopTargetPlatform
[2019.04.25-14.35.46:437][  0]LogTemp: Display: Loaded TP MacClientTargetPlatform
[2019.04.25-14.35.46:490][  0]LogTemp: Display: Loaded TP MacNoEditorTargetPlatform
[2019.04.25-14.35.46:540][  0]LogTemp: Display: Loaded TP MacServerTargetPlatform
[2019.04.25-14.35.46:599][  0]LogTemp: Display: Loaded TP MacTargetPlatform
[2019.04.25-14.35.46:652][  0]LogTemp: Display: Loaded TP WindowsClientTargetPlatform
[2019.04.25-14.35.46:718][  0]LogTemp: Display: Loaded TP WindowsNoEditorTargetPlatform
[2019.04.25-14.35.46:782][  0]LogTemp: Display: Loaded TP WindowsServerTargetPlatform
[2019.04.25-14.35.46:811][  0]LogTemp: Display: Loaded TP WindowsTargetPlatform
[2019.04.25-14.35.46:868][  0]LogTemp: Display: Loaded TP Android_ASTCTargetPlatform
[2019.04.25-14.35.46:927][  0]LogTemp: Display: Loaded TP Android_ATCTargetPlatform
[2019.04.25-14.35.46:983][  0]LogTemp: Display: Loaded TP Android_DXTTargetPlatform
[2019.04.25-14.35.47:045][  0]LogTemp: Display: Loaded TP Android_ETC1aTargetPlatform
[2019.04.25-14.35.47:147][  0]LogTemp: Display: Loaded TP Android_ETC1TargetPlatform
[2019.04.25-14.35.47:239][  0]LogTemp: Display: Loaded TP Android_ETC2TargetPlatform
[2019.04.25-14.35.47:353][  0]LogTemp: Display: Loaded TP Android_MultiTargetPlatform
[2019.04.25-14.35.47:353][  0]LogTemp: Display: Loaded TP Android_PVRTCTargetPlatform
[2019.04.25-14.35.47:407][  0]LogTemp: Display: Loaded TP AndroidTargetPlatform
[2019.04.25-14.35.47:413][  0]LogTemp: Display: Loaded TP HTML5TargetPlatform
[2019.04.25-14.35.47:524][  0]LogTemp: Display: Loaded TP IOSTargetPlatform
[2019.04.25-14.35.47:579][  0]LogTemp: Display: Loaded TP TVOSTargetPlatform
[2019.04.25-14.35.47:631][  0]LogTemp: Display: Loaded TP LinuxClientTargetPlatform
[2019.04.25-14.35.47:685][  0]LogTemp: Display: Loaded TP LinuxNoEditorTargetPlatform
[2019.04.25-14.35.47:735][  0]LogTemp: Display: Loaded TP LinuxServerTargetPlatform
[2019.04.25-14.35.47:789][  0]LogTemp: Display: Loaded TP LinuxTargetPlatform
[2019.04.25-14.35.47:789][  0]LogTargetPlatformManager: Display: Building Assets For Windows
[2019.04.25-14.35.48:293][  0]LogXGEController: Cannot use XGE Controller as Incredibuild is not installed on this machine.
[2019.04.25-14.35.48:293][  0]LogShaderCompilers: Cannot use XGE Shader Compiler as Incredibuild is not installed on this machine.
[2019.04.25-14.35.48:294][  0]LogShaderCompilers: Display: Using Local Shader Compiler.
[2019.04.25-14.35.52:514][  0]LogDerivedDataCache: Display: Max Cache Size: 512 MB
[2019.04.25-14.35.52:918][  0]LogDerivedDataCache: Loaded boot cache 0.40s 74MB C:/Users/Dominique/AppData/Local/UnrealEngine/4.19/DerivedDataCache/Boot.ddc.
[2019.04.25-14.35.52:918][  0]LogDerivedDataCache: Display: Loaded Boot cache: C:/Users/Dominique/AppData/Local/UnrealEngine/4.19/DerivedDataCache/Boot.ddc
[2019.04.25-14.35.52:919][  0]LogDerivedDataCache: FDerivedDataBackendGraph:  Pak pak cache file ../../../../../../GitHub/3DLevelDesign/TheDen/TheDen/DerivedDataCache/DDC.ddp not found, will not use a pak cache.
[2019.04.25-14.35.52:919][  0]LogDerivedDataCache: Unable to find inner node Pak for hierarchical cache Hierarchy.
[2019.04.25-14.35.52:919][  0]LogDerivedDataCache: FDerivedDataBackendGraph:  CompressedPak pak cache file ../../../../../../GitHub/3DLevelDesign/TheDen/TheDen/DerivedDataCache/Compressed.ddp not found, will not use a pak cache.
[2019.04.25-14.35.52:919][  0]LogDerivedDataCache: Unable to find inner node CompressedPak for hierarchical cache Hierarchy.
[2019.04.25-14.35.53:004][  0]LogDerivedDataCache: Display: Pak cache opened for reading ../../../Engine/DerivedDataCache/Compressed.ddp.
[2019.04.25-14.35.53:019][  0]LogDerivedDataCache: Using Local data cache path C:/Users/Dominique/AppData/Local/UnrealEngine/Common/DerivedDataCache: Writable
[2019.04.25-14.35.53:019][  0]LogDerivedDataCache: Shared data cache path not found in *engine.ini, will not use an Shared cache.
[2019.04.25-14.35.53:019][  0]LogDerivedDataCache: Unable to find inner node Shared for hierarchical cache Hierarchy.
[2019.04.25-14.35.53:057][  0]LogMaterial: Verifying Global Shaders for PCD3D_SM5
[2019.04.25-14.35.53:058][  0]LogSlate: Using Freetype 2.6.0
[2019.04.25-14.35.53:060][  0]LogSlate: SlateFontCache - WITH_FREETYPE: 1, WITH_HARFBUZZ: 1
[2019.04.25-14.35.53:060][  0]LogSlate: SlateFontCache - WITH_FREETYPE: 1, WITH_HARFBUZZ: 1
[2019.04.25-14.35.53:591][  0]LogAssetRegistry: FAssetRegistry took 0.0417 seconds to start up
[2019.04.25-14.35.55:105][  0]LogInit: Selected Device Profile: [Windows]
[2019.04.25-14.35.55:749][  0]LogSimplygon: Simplygon DLL not present - disabling.
[2019.04.25-14.35.55:760][  0]LogMeshReduction: Using SimplygonSwarm for distributed automatic mesh merging
[2019.04.25-14.35.55:760][  0]LogMeshReduction: Using QuadricMeshReduction for automatic static mesh reduction
[2019.04.25-14.35.55:760][  0]LogMeshReduction: No automatic skeletal mesh reduction module available
[2019.04.25-14.35.55:760][  0]LogMeshReduction: No automatic mesh merging module available
[2019.04.25-14.35.55:761][  0]LogMeshMerging: No automatic mesh merging module available
[2019.04.25-14.35.55:903][  0]LogNetVersion: TheDen , NetCL: 3944462, EngineNetVer: 2, GameNetVer: 0 (Checksum: 147918773)
[2019.04.25-14.35.58:576][  0]LogPackageLocalizationCache: Processed 9 localized package path(s) for 2 prioritized culture(s) in 0.542878 seconds
[2019.04.25-14.35.58:616][  0]LogUObjectArray: 36728 objects as part of root set at end of initial load.
[2019.04.25-14.35.58:616][  0]LogUObjectAllocator: 7314312 out of 0 bytes used by permanent object pool.
[2019.04.25-14.35.58:616][  0]LogUObjectArray: CloseDisregardForGC: 0/0 objects in disregard for GC pool
[2019.04.25-14.36.06:678][  0]LogTcpMessaging: Initializing TcpMessaging bridge
[2019.04.25-14.36.06:767][  0]LogUdpMessaging: Initializing bridge on interface 0.0.0.0:0 to multicast group 230.0.0.1:6666.
[2019.04.25-14.36.07:964][  0]SourceControl: Source control is disabled
[2019.04.25-14.36.07:965][  0]SourceControl: Source control is disabled
[2019.04.25-14.36.08:026][  0]SourceControl: Source control is disabled
[2019.04.25-14.36.08:085][  0]SourceControl: Source control is disabled
[2019.04.25-14.36.09:898][  0]LogAndroidPermission: UAndroidPermissionCallbackProxy::GetInstance
[2019.04.25-14.36.10:507][  0]LogOcInput: OculusInput pre-init called
[2019.04.25-14.36.10:950][  0]LogEngine: Initializing Engine...
[2019.04.25-14.36.10:954][  0]LogHMD: Failed to initialize OpenVR with code 110
[2019.04.25-14.36.10:958][  0]LogStats: UGameplayTagsManager::ConstructGameplayTagTree: Construct from data asset -  0.000 s
[2019.04.25-14.36.10:958][  0]LogStats: UGameplayTagsManager::ConstructGameplayTagTree: GameplayTagTreeChangedEvent.Broadcast -  0.000 s
[2019.04.25-14.36.11:825][  0]LogAIModule: Creating AISystem for world Untitled
[2019.04.25-14.36.12:115][  0]LogInit: XAudio2 using 'Speakers/Headphones (Realtek(R) Audio)' : 2 channels at 48 kHz using 32 bits per sample (channel mask 0x3)
[2019.04.25-14.36.12:281][  0]LogInit: FAudioDevice initialized.
[2019.04.25-14.36.12:470][  0]LogDerivedDataCache: Saved boot cache 0.19s 74MB C:/Users/Dominique/AppData/Local/UnrealEngine/4.19/DerivedDataCache/Boot.ddc.
[2019.04.25-14.36.12:530][  0]LogInit: Texture streaming: Enabled
[2019.04.25-14.36.12:599][  0]LogEngineSessionManager: EngineSessionManager initialized
[2019.04.25-14.36.12:651][  0]LogInit: Transaction tracking system initialized
[2019.04.25-14.36.12:761][  0]BlueprintLog: New page: Editor Load
[2019.04.25-14.36.13:112][  0]LocalizationService: Localization service is disabled
[2019.04.25-14.36.13:463][  0]LogConsoleResponse: Display: 
[2019.04.25-14.36.14:131][  0]LogCook: Display: Max memory allowance for cook 16384mb min free memory 0mb
[2019.04.25-14.36.14:131][  0]LogCook: Display: Mobile HDR setting 1
[2019.04.25-14.36.14:131][  0]LogGameplayTags: Display: UGameplayTagsManager::DoneAddingNativeTags. DelegateIsBound: 0
[2019.04.25-14.36.14:132][  0]LogStats: UGameplayTagsManager::ConstructGameplayTagTree: Construct from data asset -  0.000 s
[2019.04.25-14.36.14:132][  0]LogStats: UGameplayTagsManager::ConstructGameplayTagTree: GameplayTagTreeChangedEvent.Broadcast -  0.000 s
[2019.04.25-14.36.14:396][  0]LogFileCache: Scanning file cache for directory 'C:/GitHub/3DLevelDesign/TheDen/TheDen/Content/' took 0.07s
[2019.04.25-14.36.15:456][  0]SourceControl: Source control is disabled
[2019.04.25-14.36.15:456][  0]Cmd: MAP LOAD FILE="../../../../../../GitHub/3DLevelDesign/TheDen/TheDen/Content/LevelDesign/Maps/PlayLevel.umap" TEMPLATE=0 SHOWPROGRESS=1 FEATURELEVEL=3
[2019.04.25-14.36.15:475][  0]LightingResults: New page: Lighting Build
[2019.04.25-14.36.15:486][  0]MapCheck: New page: Map Check
[2019.04.25-14.36.15:486][  0]LightingResults: New page: Lighting Build
[2019.04.25-14.36.15:607][  0]LogUObjectGlobals: Created PersistentFrame Addr=0x00000195ae0dd808, Size=4, Default__LD_playerController_C Function /Game/LevelDesign/LD_playerController.LD_playerController_C:ExecuteUbergraph_LD_playerController
[2019.04.25-14.36.15:615][  0]LogUObjectGlobals: Destroyed PersistentFrame Addr=0x00000195ae0dd808, Size=4
[2019.04.25-14.36.15:615][  0]LogUObjectGlobals: Created PersistentFrame Addr=0x00000195ae0dd808, Size=4, Default__LD_playerController_C Function /Engine/Transient.REINST_LD_playerController_C_1:ExecuteUbergraph_LD_playerController
[2019.04.25-14.36.15:622][  0]LogUObjectGlobals: Created PersistentFrame Addr=0x00000195ae0dd750, Size=4, Default__LD_playerController_C Function /Game/LevelDesign/LD_playerController.LD_playerController_C:ExecuteUbergraph_LD_playerController
[2019.04.25-14.36.15:977][  0]LogUObjectGlobals: Created PersistentFrame Addr=0x00000195b0f61400, Size=64, Default__ThirdPerson_AnimBP_C Function /Game/Mannequin/Animations/ThirdPerson_AnimBP.ThirdPerson_AnimBP_C:ExecuteUbergraph_ThirdPerson_AnimBP
[2019.04.25-14.36.16:066][  0]LogUObjectGlobals: Destroyed PersistentFrame Addr=0x00000195b0f61400, Size=64
[2019.04.25-14.36.16:067][  0]LogUObjectGlobals: Created PersistentFrame Addr=0x00000195b0f61600, Size=64, Default__ThirdPerson_AnimBP_C Function /Engine/Transient.REINST_ThirdPerson_AnimBP_C_0:ExecuteUbergraph_ThirdPerson_AnimBP
[2019.04.25-14.36.16:125][  0]LogUObjectGlobals: Created PersistentFrame Addr=0x00000195b181e390, Size=72, Default__ThirdPerson_AnimBP_C Function /Game/Mannequin/Animations/ThirdPerson_AnimBP.ThirdPerson_AnimBP_C:ExecuteUbergraph_ThirdPerson_AnimBP
[2019.04.25-14.36.16:642][  0]LogUObjectGlobals: Created PersistentFrame Addr=0x00000195b17cd300, Size=296, Default__ThirdPersonCharacter_C Function /Game/ThirdPersonBP/Blueprints/ThirdPersonCharacter.ThirdPersonCharacter_C:ExecuteUbergraph_ThirdPersonCharacter
[2019.04.25-14.36.16:672][  0]LogUObjectGlobals: Destroyed PersistentFrame Addr=0x00000195b17cd300, Size=296
[2019.04.25-14.36.16:672][  0]LogUObjectGlobals: Created PersistentFrame Addr=0x00000195b17cd300, Size=296, Default__ThirdPersonCharacter_C Function /Engine/Transient.REINST_ThirdPersonCharacter_C_6:ExecuteUbergraph_ThirdPersonCharacter
[2019.04.25-14.36.16:700][  0]LogUObjectGlobals: Created PersistentFrame Addr=0x00000195b13ef9c0, Size=296, Default__ThirdPersonCharacter_C Function /Game/ThirdPersonBP/Blueprints/ThirdPersonCharacter.ThirdPersonCharacter_C:ExecuteUbergraph_ThirdPersonCharacter
[2019.04.25-14.36.17:745][  0]LogUObjectGlobals: Created PersistentFrame Addr=0x00000195b13234c0, Size=272, Default__Door_C Function /Game/LevelDesign/Blueprints/Door.Door_C:ExecuteUbergraph_Door
[2019.04.25-14.36.17:763][  0]LogUObjectGlobals: Destroyed PersistentFrame Addr=0x00000195b13234c0, Size=272
[2019.04.25-14.36.17:763][  0]LogUObjectGlobals: Created PersistentFrame Addr=0x00000195b13234c0, Size=272, Default__Door_C Function /Engine/Transient.REINST_Door_C_16:ExecuteUbergraph_Door
[2019.04.25-14.36.17:775][  0]LogUObjectGlobals: Created PersistentFrame Addr=0x00000195b202bb00, Size=272, Default__Door_C Function /Game/LevelDesign/Blueprints/Door.Door_C:ExecuteUbergraph_Door
[2019.04.25-14.36.17:843][  0]LogUObjectGlobals: Created PersistentFrame Addr=0x00000195b17fc500, Size=256, Default__Key_C Function /Game/LevelDesign/Blueprints/Key.Key_C:ExecuteUbergraph_Key
[2019.04.25-14.36.17:855][  0]LogUObjectGlobals: Destroyed PersistentFrame Addr=0x00000195b17fc500, Size=256
[2019.04.25-14.36.17:855][  0]LogUObjectGlobals: Created PersistentFrame Addr=0x00000195b17fc500, Size=256, Default__Key_C Function /Engine/Transient.REINST_Key_C_18:ExecuteUbergraph_Key
[2019.04.25-14.36.17:865][  0]LogUObjectGlobals: Created PersistentFrame Addr=0x00000195b13c7600, Size=256, Default__Key_C Function /Game/LevelDesign/Blueprints/Key.Key_C:ExecuteUbergraph_Key
[2019.04.25-14.36.17:960][  0]LogUObjectGlobals: Created PersistentFrame Addr=0x00000195b17f7628, Size=56, Default__KeyBox_Blueprint_C Function /Game/LevelDesign/Blueprints/KeyBox_Blueprint.KeyBox_Blueprint_C:ExecuteUbergraph_KeyBox_Blueprint
[2019.04.25-14.36.17:972][  0]LogUObjectGlobals: Destroyed PersistentFrame Addr=0x00000195b17f7628, Size=56
[2019.04.25-14.36.17:972][  0]LogUObjectGlobals: Created PersistentFrame Addr=0x00000195b17f7628, Size=56, Default__KeyBox_Blueprint_C Function /Engine/Transient.REINST_KeyBox_Blueprint_C_20:ExecuteUbergraph_KeyBox_Blueprint
[2019.04.25-14.36.17:983][  0]LogUObjectGlobals: Created PersistentFrame Addr=0x00000195b17f57c0, Size=56, Default__KeyBox_Blueprint_C Function /Game/LevelDesign/Blueprints/KeyBox_Blueprint.KeyBox_Blueprint_C:ExecuteUbergraph_KeyBox_Blueprint
[2019.04.25-14.36.18:215][  0]LogUObjectGlobals: Created PersistentFrame Addr=0x00000195b1fbdcc0, Size=192, Default__Lever_C Function /Game/LevelDesign/Blueprints/Lever.Lever_C:ExecuteUbergraph_Lever
[2019.04.25-14.36.18:228][  0]LogUObjectGlobals: Destroyed PersistentFrame Addr=0x00000195b1fbdcc0, Size=192
[2019.04.25-14.36.18:228][  0]LogUObjectGlobals: Created PersistentFrame Addr=0x00000195b1fbdcc0, Size=192, Default__Lever_C Function /Engine/Transient.REINST_Lever_C_22:ExecuteUbergraph_Lever
[2019.04.25-14.36.18:240][  0]LogUObjectGlobals: Created PersistentFrame Addr=0x00000195b1fbc940, Size=192, Default__Lever_C Function /Game/LevelDesign/Blueprints/Lever.Lever_C:ExecuteUbergraph_Lever
[2019.04.25-14.36.18:874][  0]LogUObjectGlobals: Created PersistentFrame Addr=0x00000195b2bd5800, Size=520, Default__PlayLevel_C Function /Game/LevelDesign/Maps/PlayLevel.PlayLevel_C:ExecuteUbergraph_PlayLevel
[2019.04.25-14.36.18:994][  0]LogUObjectGlobals: Destroyed PersistentFrame Addr=0x00000195b2bd5800, Size=520
[2019.04.25-14.36.18:995][  0]LogUObjectGlobals: Created PersistentFrame Addr=0x00000195b2bd5800, Size=520, Default__PlayLevel_C Function /Engine/Transient.REINST_PlayLevel_C_28:ExecuteUbergraph_PlayLevel
[2019.04.25-14.36.19:111][  0]LogUObjectGlobals: Created PersistentFrame Addr=0x00000195cad9ce00, Size=520, Default__PlayLevel_C Function /Game/LevelDesign/Maps/PlayLevel.PlayLevel_C:ExecuteUbergraph_PlayLevel
[2019.04.25-14.36.20:184][  0]LogTexture: Display: Building textures: Wood_NRM (BGRA8, 473X315)
[2019.04.25-14.36.20:184][  0]LogTexture: Display: Building textures: Wood_SPEC (BGRA8, 473X315)
[2019.04.25-14.36.20:184][  0]LogTexture: Display: Building textures: Wood_COLOR (BGRA8, 473X315)
[2019.04.25-14.36.20:184][  0]LogTexture: Display: Building textures: Wood_OCC (BGRA8, 473X315)
[2019.04.25-14.36.20:614][  0]LogTexture: Display: Building textures: StoneFloor_SPEC (AutoDXT, 2240X1680)
[2019.04.25-14.36.20:628][  0]LogStaticMesh: Building static mesh BoxBlockWall...
[2019.04.25-14.36.22:033][  0]LogTexture: Display: Building textures: StoneFloor_OCC (AutoDXT, 2240X1680)
[2019.04.25-14.36.22:034][  0]LogTexture: Display: Building textures: StoneFloor_NRM (BC5, 2240X1680)
[2019.04.25-14.36.22:034][  0]LogTexture: Display: Building textures: BrickWall_OCC (AutoDXT, 3000X2000)
[2019.04.25-14.36.22:034][  0]LogStaticMesh: Built static mesh [1.41s] /Game/LevelDesign/Meshes/Modular/BoxBlockWall.BoxBlockWall
[2019.04.25-14.36.22:263][  0]LogStaticMesh: Building static mesh BoxFloor...
[2019.04.25-14.36.22:313][  0]LogStaticMesh: Built static mesh [0.05s] /Game/LevelDesign/Meshes/Modular/BoxFloor.BoxFloor
[2019.04.25-14.36.22:324][  0]LogStaticMesh: Building static mesh CeilingWood...
[2019.04.25-14.36.22:327][  0]LogStaticMesh: Built static mesh [0.00s] /Game/LevelDesign/Meshes/Modular/CeilingWood.CeilingWood
[2019.04.25-14.36.22:330][  0]LogStaticMesh: Building static mesh Ceiling...
[2019.04.25-14.36.22:344][  0]LogStaticMesh: Built static mesh [0.02s] /Game/LevelDesign/Meshes/Modular/Ceiling.Ceiling
[2019.04.25-14.36.22:356][  0]LogStaticMesh: Building static mesh Column...
[2019.04.25-14.36.24:361][  0]LogTexture: Display: Building textures: StoneFloor_COLOR (AutoDXT, 2240X1680)
[2019.04.25-14.36.24:361][  0]LogTexture: Display: Building textures: BrickWall_SPEC (AutoDXT, 3000X2000)
[2019.04.25-14.36.24:361][  0]LogStaticMesh: Built static mesh [2.01s] /Game/LevelDesign/Meshes/Modular/Column.Column
[2019.04.25-14.36.24:660][  0]LogStaticMesh: Building static mesh CorridorFloor...
[2019.04.25-14.36.24:712][  0]LogStaticMesh: Built static mesh [0.05s] /Game/LevelDesign/Meshes/Modular/CorridorFloor.CorridorFloor
[2019.04.25-14.36.24:715][  0]LogStaticMesh: Building static mesh NormalFloor...
[2019.04.25-14.36.24:720][  0]LogStaticMesh: Built static mesh [0.00s] /Game/LevelDesign/Meshes/Modular/NormalFloor.NormalFloor
[2019.04.25-14.36.24:722][  0]LogStaticMesh: Building static mesh Cube...
[2019.04.25-14.36.25:721][  0]LogTexture: Display: Building textures: BrickWall_NRM (BC5, 3000X2000)
[2019.04.25-14.36.25:722][  0]LogStaticMesh: Built static mesh [1.00s] /Game/LevelDesign/Meshes/Modular/Cube.Cube
[2019.04.25-14.36.25:873][  0]LogStaticMesh: Building static mesh Lever...
[2019.04.25-14.36.26:041][  0]LogTexture: Display: Building textures: BrickWall_COLOR (AutoDXT, 3000X2000)
[2019.04.25-14.36.26:041][  0]LogStaticMesh: Built static mesh [0.17s] /Game/LevelDesign/Meshes/Modular/Lever.Lever
[2019.04.25-14.36.26:089][  0]LogStaticMesh: Building static mesh LeverBase...
[2019.04.25-14.36.30:341][  0]LogTexture: Display: Building textures: Stone_SPEC (BGRA8, 1000X667)
[2019.04.25-14.36.30:342][  0]LogTexture: Display: Building textures: Stone_OCC (BGRA8, 1000X667)
[2019.04.25-14.36.30:342][  0]LogTexture: Display: Building textures: Stone_NRM (BGRA8, 1000X667)
[2019.04.25-14.36.30:342][  0]LogTexture: Display: Building textures: Stone_COLOR (BGRA8, 1000X667)
[2019.04.25-14.36.30:342][  0]LogTexture: Display: Building textures: RustyMetal_SPEC (AutoDXT, 500X300)
[2019.04.25-14.36.30:342][  0]LogTexture: Display: Building textures: RustyMetal_OCC (AutoDXT, 500X300)
[2019.04.25-14.36.30:342][  0]LogStaticMesh: Built static mesh [4.25s] /Game/LevelDesign/Meshes/Modular/LeverBase.LeverBase
[2019.04.25-14.36.30:757][  0]LogTexture: Display: Building textures: RustyMetal_NRM (BC5, 500X300)
[2019.04.25-14.36.30:757][  0]LogStaticMesh: Building static mesh Door...
[2019.04.25-14.36.31:938][  0]LogTexture: Display: Building textures: RustyMetal_COLOR (AutoDXT, 500X300)
[2019.04.25-14.36.31:938][  0]LogTexture: Display: Building textures: WroughtIron_COLOR (AutoDXT, 2560X1292)
[2019.04.25-14.36.31:938][  0]LogStaticMesh: Built static mesh [1.18s] /Game/LevelDesign/Meshes/Modular/Door.Door
[2019.04.25-14.36.32:067][  0]LogStaticMesh: Building static mesh DoorFrame...
[2019.04.25-14.36.32:559][  0]LogStaticMesh: Built static mesh [0.49s] /Game/LevelDesign/Meshes/Modular/DoorFrame.DoorFrame
[2019.04.25-14.36.32:670][  0]LogStaticMesh: Building static mesh Key...
[2019.04.25-14.36.32:792][  0]LogTexture: Display: Building textures: WroughtIron_SPEC (AutoDXT, 2560X1292)
[2019.04.25-14.36.32:792][  0]LogStaticMesh: Built static mesh [0.12s] /Game/LevelDesign/Meshes/Modular/Key.Key
[2019.04.25-14.36.32:809][  0]LogStaticMesh: Building static mesh KeyBox...
[2019.04.25-14.36.32:858][  0]LogStaticMesh: Built static mesh [0.05s] /Game/LevelDesign/Meshes/Modular/KeyBox.KeyBox
[2019.04.25-14.36.32:868][  0]LogStaticMesh: Building static mesh Ledge...
[2019.04.25-14.36.32:891][  0]LogStaticMesh: Built static mesh [0.02s] /Game/LevelDesign/Meshes/Modular/Ledge.Ledge
[2019.04.25-14.36.32:898][  0]LogStaticMesh: Building static mesh LightFloor...
[2019.04.25-14.36.32:934][  0]LogStaticMesh: Built static mesh [0.04s] /Game/LevelDesign/Meshes/Modular/LightFloor.LightFloor
[2019.04.25-14.36.32:937][  0]LogStaticMesh: Building static mesh NoBoxFloor...
[2019.04.25-14.36.33:155][  0]LogStaticMesh: Built static mesh [0.22s] /Game/LevelDesign/Meshes/Modular/NoBoxFloor.NoBoxFloor
[2019.04.25-14.36.33:174][  0]LogStaticMesh: Building static mesh Pedestal...
[2019.04.25-14.36.33:490][  0]LogStaticMesh: Built static mesh [0.32s] /Game/LevelDesign/Meshes/Modular/Pedestal.Pedestal
[2019.04.25-14.36.33:550][  0]LogStaticMesh: Building static mesh SecondPillar...
[2019.04.25-14.36.34:610][  0]LogStaticMesh: Built static mesh [1.06s] /Game/LevelDesign/Meshes/Modular/SecondPillar.SecondPillar
[2019.04.25-14.36.34:693][  0]LogStaticMesh: Building static mesh Wall...
[2019.04.25-14.36.34:719][  0]LogStaticMesh: Built static mesh [0.03s] /Game/LevelDesign/Meshes/Modular/Wall.Wall
[2019.04.25-14.36.34:723][  0]LogStaticMesh: Building static mesh WindowWall...
[2019.04.25-14.36.34:747][  0]LogStaticMesh: Built static mesh [0.03s] /Game/LevelDesign/Meshes/Modular/WindowWall.WindowWall
[2019.04.25-14.36.34:761][  0]LogMaterial: Missing cached shader map for material Wood, compiling. 
[2019.04.25-14.36.39:684][  0]LogShaderCompilers: Display: Shaders left to compile 22
[2019.04.25-14.36.39:684][  0]LogShaderCompilers: Display: Shaders left to compile 12
[2019.04.25-14.36.39:684][  0]LogShaderCompilers: Display: Shaders left to compile 2
[2019.04.25-14.36.39:685][  0]LogTexture: Display: Building textures: WroughtIron_OCC (AutoDXT, 2560X1292)
[2019.04.25-14.36.44:410][  0]LogTexture: Display: Building textures: WroughtIron_NRM (BC5, 2560X1292)
[2019.04.25-14.36.44:423][  0]LogMaterial: Missing cached shader map for material Floor, compiling. 
[2019.04.25-14.36.49:397][  0]LogShaderCompilers: Display: Shaders left to compile 22
[2019.04.25-14.36.49:397][  0]LogShaderCompilers: Display: Shaders left to compile 12
[2019.04.25-14.37.02:469][  0]LogShaderCompilers: Display: Shaders left to compile 2
[2019.04.25-14.37.02:504][  0]LogMaterial: Missing cached shader map for material Wall, compiling. 
[2019.04.25-14.37.02:574][  0]LogShaderCompilers: Display: Shaders left to compile 22
[2019.04.25-14.37.02:574][  0]LogMaterial: Missing cached shader map for material Stone, compiling. 
[2019.04.25-14.37.02:631][  0]LogMaterial: Missing cached shader map for material RustyMetal, compiling. 
[2019.04.25-14.37.02:769][  0]LogSkeletalMesh: Skeletal Mesh found in DDC [47.285290ms] /Game/Mannequin/Character/Mesh/SK_Mannequin.SK_Mannequin
[2019.04.25-14.37.02:972][  0]LogMaterial: Missing cached shader map for material WroughtIron, compiling. 
[2019.04.25-14.37.03:044][  0]LogMaterial: Missing cached shader map for material Glass, compiling. 
[2019.04.25-14.37.03:255][  0]LogMaterial: Missing cached shader map for material RedCrystal, compiling. 
[2019.04.25-14.37.03:293][  0]LogMaterial: Missing cached shader map for material GreenCrystal, compiling. 
[2019.04.25-14.37.03:532][  0]LogAIModule: Creating AISystem for world PlayLevel
[2019.04.25-14.37.03:614][  0]LogMaterial: Warning: Material /Game/LevelDesign/Materials/Wall.Wall needed to have new flag set bUsedWithStaticLighting !
[2019.04.25-14.37.03:624][  0]LogMaterial: Missing cached shader map for material Wall, compiling. 
[2019.04.25-14.37.03:735][  0]MapCheck: Warning: Wall Material /Game/LevelDesign/Materials/Wall.Wall was missing the usage flag bUsedWithStaticLighting. If the material asset is not re-saved, it may not render correctly when run outside the editor. Fix
[2019.04.25-14.37.03:776][  0]LogMaterial: Warning: Material /Game/LevelDesign/Materials/Floor.Floor needed to have new flag set bUsedWithStaticLighting !
[2019.04.25-14.37.03:787][  0]LogMaterial: Missing cached shader map for material Floor, compiling. 
[2019.04.25-14.37.03:845][  0]MapCheck: Warning: Floor Material /Game/LevelDesign/Materials/Floor.Floor was missing the usage flag bUsedWithStaticLighting. If the material asset is not re-saved, it may not render correctly when run outside the editor. Fix
[2019.04.25-14.37.04:241][  0]LogEditorServer: Finished looking for orphan Actors (0.001 secs)
[2019.04.25-14.37.04:381][  0]LogUObjectGlobals: Destroyed PersistentFrame Addr=0x00000195ae0dd808, Size=4
[2019.04.25-14.37.04:382][  0]LogUObjectGlobals: Destroyed PersistentFrame Addr=0x00000195b0f61600, Size=64
[2019.04.25-14.37.04:383][  0]LogUObjectGlobals: Destroyed PersistentFrame Addr=0x00000195b17cd300, Size=296
[2019.04.25-14.37.04:383][  0]LogUObjectGlobals: Destroyed PersistentFrame Addr=0x00000195b13234c0, Size=272
[2019.04.25-14.37.04:383][  0]LogUObjectGlobals: Destroyed PersistentFrame Addr=0x00000195b17fc500, Size=256
[2019.04.25-14.37.04:383][  0]LogUObjectGlobals: Destroyed PersistentFrame Addr=0x00000195b17f7628, Size=56
[2019.04.25-14.37.04:383][  0]LogUObjectGlobals: Destroyed PersistentFrame Addr=0x00000195b1fbdcc0, Size=192
[2019.04.25-14.37.04:384][  0]LogUObjectGlobals: Destroyed PersistentFrame Addr=0x00000195b2bd5800, Size=520
[2019.04.25-14.37.04:403][  0]Cmd: MAP CHECKDEP NOCLEARLOG
[2019.04.25-14.37.04:733][  0]MapCheck: Map check complete: 0 Error(s), 2 Warning(s), took 328.115ms to complete.
[2019.04.25-14.37.04:767][  0]LogShaderCompilers: Display: Shaders left to compile 217
[2019.04.25-14.37.04:810][  0]LogFileHelpers: Loading map 'PlayLevel' took 49.354
[2019.04.25-14.37.05:530][  0]LogCollectionManager: Loaded 0 collections in 0.007552 seconds
[2019.04.25-14.37.05:639][  0]LogFileCache: Scanning file cache for directory 'C:/GitHub/3DLevelDesign/TheDen/TheDen/Saved/Collections/' took 0.01s
[2019.04.25-14.37.05:639][  0]LogFileCache: Scanning file cache for directory 'C:/GitHub/3DLevelDesign/TheDen/TheDen/Content/Developers/Dominique/Collections/' took 0.01s
[2019.04.25-14.37.05:639][  0]LogFileCache: Scanning file cache for directory 'C:/GitHub/3DLevelDesign/TheDen/TheDen/Content/Collections/' took 0.01s
[2019.04.25-14.37.05:639][  0]LogCollectionManager: Rebuilt the GUID cache for 0 collections in 0.000004 seconds
[2019.04.25-14.37.05:688][  0]LogContentBrowser: Native class hierarchy populated in 0.0457 seconds. Added 2452 classes and 558 folders.
[2019.04.25-14.37.05:724][  0]LogContentBrowser: Native class hierarchy updated for 'WidgetCarousel' in 0.0006 seconds. Added 0 classes and 0 folders.
[2019.04.25-14.37.06:949][  0]LogShaderCompilers: Display: Shaders left to compile 207
[2019.04.25-14.37.06:949][  0]LogShaderCompilers: Display: Shaders left to compile 197
[2019.04.25-14.37.06:949][  0]LogContentBrowser: Native class hierarchy updated for 'AddContentDialog' in 0.0007 seconds. Added 0 classes and 0 folders.
[2019.04.25-14.37.06:986][  0]LogContentBrowser: Native class hierarchy updated for 'SceneOutliner' in 0.0009 seconds. Added 1 classes and 2 folders.
[2019.04.25-14.37.07:182][  0]LogSlate: Took 0.013269 seconds to synchronously load lazily loaded font '../../../Engine/Content/Slate/Fonts/Roboto-Regular.ttf' (155K)
[2019.04.25-14.37.07:202][  0]LogSlate: Took 0.012944 seconds to synchronously load lazily loaded font '../../../Engine/Content/Slate/Fonts/Roboto-Bold.ttf' (160K)
[2019.04.25-14.37.07:242][  0]LogSlate: Took 0.014552 seconds to synchronously load lazily loaded font '../../../Engine/Content/Editor/Slate/Fonts/FontAwesome.ttf' (139K)
[2019.04.25-14.37.07:907][  0]LogShaderCompilers: Display: Shaders left to compile 187
[2019.04.25-14.37.07:907][  0]LogRenderer: Reallocating scene render targets to support 1208x580 Format 10 NumSamples 1 (Frame:1).
[2019.04.25-14.37.08:681][  0]LogContentBrowser: Native class hierarchy updated for 'HierarchicalLODOutliner' in 0.0014 seconds. Added 0 classes and 0 folders.
[2019.04.25-14.37.08:681][  0]LogLoad: (Engine Initialization) Total time: 98.22 seconds
[2019.04.25-14.37.08:681][  0]LogLoad: (Engine Initialization) Total Blueprint compile time: 0.00 seconds
[2019.04.25-14.37.09:181][  0]LogContentStreaming: Texture pool size now 1000 MB
[2019.04.25-14.37.09:713][  1]LogShaderCompilers: Display: Shaders left to compile 177
[2019.04.25-14.37.10:115][  1]LogSlate: Took 0.019464 seconds to synchronously load lazily loaded font '../../../Engine/Content/Slate/Fonts/Roboto-Light.ttf' (167K)
[2019.04.25-14.37.11:277][  3]LogSlate: Took 0.002071 seconds to synchronously load lazily loaded font '../../../Engine/Content/Slate/Fonts/Roboto-Light.ttf' (167K)
[2019.04.25-14.37.11:881][  8]LogAssetRegistry: Asset discovery search completed in 78.3146 seconds
[2019.04.25-14.37.11:888][  8]LogCollectionManager: Rebuilt the object cache for 0 collections in 0.000000 seconds (found 0 objects)
[2019.04.25-14.37.11:889][  8]LogCollectionManager: Fixed up redirectors for 0 collections in 0.000194 seconds (updated 0 objects)
[2019.04.25-14.37.14:642][ 69]LogFileCache: Retrieving MD5 hashes for directory 'C:/GitHub/3DLevelDesign/TheDen/TheDen/Content/' took 5.58s
[2019.04.25-14.37.17:376][136]LogShaderCompilers: Display: Shaders left to compile 167
[2019.04.25-14.37.19:160][183]LogShaderCompilers: Display: Shaders left to compile 157
[2019.04.25-14.37.19:955][208]LogShaderCompilers: Display: Shaders left to compile 147
[2019.04.25-14.37.22:758][293]LogSlate: FSceneViewport::OnFocusLost() reason 0
[2019.04.25-14.37.23:503][313]LogShaderCompilers: Display: Shaders left to compile 137
[2019.04.25-14.37.29:272][500]LogShaderCompilers: Display: Shaders left to compile 127
[2019.04.25-14.37.33:674][642]LogShaderCompilers: Display: Shaders left to compile 117
[2019.04.25-14.37.34:238][661]LogShaderCompilers: Display: Shaders left to compile 107
[2019.04.25-14.37.42:044][919]LogShaderCompilers: Display: Shaders left to compile 97
[2019.04.25-14.37.55:782][322]LogShaderCompilers: Display: Shaders left to compile 87
[2019.04.25-14.38.01:738][528]LogShaderCompilers: Display: Shaders left to compile 77
[2019.04.25-14.38.03:980][609]LogShaderCompilers: Display: Shaders left to compile 67
[2019.04.25-14.38.12:255][887]LogShaderCompilers: Display: Shaders left to compile 57
[2019.04.25-14.38.13:791][936]LogShaderCompilers: Display: Shaders left to compile 47
[2019.04.25-14.38.23:088][255]LogShaderCompilers: Display: Shaders left to compile 37
[2019.04.25-14.38.27:372][390]LogShaderCompilers: Display: Shaders left to compile 27
[2019.04.25-14.38.33:333][574]LogShaderCompilers: Display: Shaders left to compile 17
[2019.04.25-14.38.39:282][752]LogShaderCompilers: Display: Shaders left to compile 7
[2019.04.25-14.38.41:311][810]LogSlate: FSceneViewport::OnFocusLost() reason 0
[2019.04.25-14.39.32:116][545]LogSlate: FSceneViewport::OnFocusLost() reason 0
[2019.04.25-14.39.33:660][580]LogTemp: Repeating last play command: Selected Viewport
[2019.04.25-14.39.33:769][580]LogBlueprintUserMessages: Early PlayInEditor Detection: Level '/Game/LevelDesign/Maps/PlayLevel.PlayLevel:PersistentLevel' has LevelScriptBlueprint '/Game/LevelDesign/Maps/PlayLevel.PlayLevel:PersistentLevel.PlayLevel' with GeneratedClass '/Game/LevelDesign/Maps/PlayLevel.PlayLevel_C' with ClassGeneratedBy '/Game/LevelDesign/Maps/PlayLevel.PlayLevel:PersistentLevel.PlayLevel'
[2019.04.25-14.39.33:780][580]LogPlayLevel: PlayLevel: No blueprints needed recompiling
[2019.04.25-14.39.33:796][580]PIE: New page: PIE session: PlayLevel (25 Apr 2019 16:39:33)
[2019.04.25-14.39.33:798][580]LogPlayLevel: Creating play world package: /Game/LevelDesign/Maps/UEDPIE_0_PlayLevel
[2019.04.25-14.39.34:055][580]LogPlayLevel: PIE: StaticDuplicateObject took: (0.257347s)
[2019.04.25-14.39.34:058][580]LogAIModule: Creating AISystem for world PlayLevel
[2019.04.25-14.39.34:058][580]LogPlayLevel: PIE: World Init took: (0.003139s)
[2019.04.25-14.39.34:059][580]LogPlayLevel: PIE: Created PIE world by copying editor world from /Game/LevelDesign/Maps/PlayLevel.PlayLevel to /Game/LevelDesign/Maps/UEDPIE_0_PlayLevel.PlayLevel (0.261367s)
[2019.04.25-14.39.34:111][580]LogInit: XAudio2 using 'Speakers/Headphones (Realtek(R) Audio)' : 2 channels at 48 kHz using 32 bits per sample (channel mask 0x3)
[2019.04.25-14.39.34:292][580]LogInit: FAudioDevice initialized.
[2019.04.25-14.39.34:364][580]LogLoad: Game class is 'ThirdPersonGameMode_C'
[2019.04.25-14.39.34:474][580]LogWorld: Bringing World /Game/LevelDesign/Maps/UEDPIE_0_PlayLevel.PlayLevel up for play (max tick rate 60) at 2019.04.25-15.39.34
[2019.04.25-14.39.34:492][580]LogWorld: Bringing up level for play took: 0.106715
[2019.04.25-14.39.34:533][580]LogContentBrowser: Native class hierarchy updated for 'MovieSceneCapture' in 0.0014 seconds. Added 11 classes and 0 folders.
[2019.04.25-14.39.34:586][580]PIE: Play in editor start time for /Game/LevelDesign/Maps/UEDPIE_0_PlayLevel 1.251
[2019.04.25-14.39.34:587][580]LogBlueprintUserMessages: Late PlayInEditor Detection: Level '/Game/LevelDesign/Maps/PlayLevel.PlayLevel:PersistentLevel' has LevelScriptBlueprint '/Game/LevelDesign/Maps/PlayLevel.PlayLevel:PersistentLevel.PlayLevel' with GeneratedClass '/Game/LevelDesign/Maps/PlayLevel.PlayLevel_C' with ClassGeneratedBy '/Game/LevelDesign/Maps/PlayLevel.PlayLevel:PersistentLevel.PlayLevel'
[2019.04.25-14.49.30:887][759]LogCharacterMovement: ThirdPersonCharacter_C_0 is stuck and failed to move! Velocity: X=13.46 Y=76.92 Z=0.00 Location: X=985.14 Y=-1868.91 Z=-1.85 Normal: X=1.00 Y=-0.06 Z=0.07 PenetrationDepth:9.275 Actor:Cube5 Component:StaticMeshComponent0 BoneName:None (0 other events since notify)
[2019.04.25-14.52.06:380][152]LogBlueprintUserMessages: Early EndPlayMap Detection: Level '/Game/LevelDesign/Maps/PlayLevel.PlayLevel:PersistentLevel' has LevelScriptBlueprint '/Game/LevelDesign/Maps/PlayLevel.PlayLevel:PersistentLevel.PlayLevel' with GeneratedClass '/Game/LevelDesign/Maps/PlayLevel.PlayLevel_C' with ClassGeneratedBy '/Game/LevelDesign/Maps/PlayLevel.PlayLevel:PersistentLevel.PlayLevel'
[2019.04.25-14.52.06:490][152]LogBlueprintUserMessages: Late EndPlayMap Detection: Level '/Game/LevelDesign/Maps/PlayLevel.PlayLevel:PersistentLevel' has LevelScriptBlueprint '/Game/LevelDesign/Maps/PlayLevel.PlayLevel:PersistentLevel.PlayLevel' with GeneratedClass '/Game/LevelDesign/Maps/PlayLevel.PlayLevel_C' with ClassGeneratedBy '/Game/LevelDesign/Maps/PlayLevel.PlayLevel:PersistentLevel.PlayLevel'
[2019.04.25-14.52.12:609][212]LogSlate: FSceneViewport::OnFocusLost() reason 0
[2019.04.25-14.53.33:365][293]LogSlate: Window 'Save Content' being destroyed
[2019.04.25-14.53.34:817][293]LogUObjectGlobals: Destroyed PersistentFrame Addr=0x00000195cad9ce00, Size=520
[2019.04.25-14.53.34:817][293]LogUObjectGlobals: Created PersistentFrame Addr=0x00000195d8f04b80, Size=520, Default__PlayLevel_C Function /Engine/Transient.REINST_PlayLevel_C_32:ExecuteUbergraph_PlayLevel
[2019.04.25-14.53.34:945][293]LogUObjectGlobals: Created PersistentFrame Addr=0x00000195f8158400, Size=520, Default__PlayLevel_C Function /Game/LevelDesign/Maps/PlayLevel.PlayLevel_C:ExecuteUbergraph_PlayLevel
[2019.04.25-14.53.39:735][293]LogSavePackage: Save=5775.20ms
[2019.04.25-14.53.39:737][293]LogSavePackage: Moving '../../../../../../GitHub/3DLevelDesign/TheDen/TheDen/Saved/PlayLevelCBF0189A48116B5E846B4290247BE466.tmp' to '../../../../../../GitHub/3DLevelDesign/TheDen/TheDen/Content/LevelDesign/Maps/PlayLevel.umap'
[2019.04.25-14.53.39:763][293]LogSavePackage: Display: Finished SavePackage ../../../../../../GitHub/3DLevelDesign/TheDen/TheDen/Content/LevelDesign/Maps/PlayLevel.umap
[2019.04.25-14.53.39:901][293]LogFileHelpers: Saving map 'PlayLevel' took 6.432
[2019.04.25-14.53.40:198][293]LogSlate: Window 'TheDen - Unreal Editor' being destroyed
[2019.04.25-14.53.40:744][294]Cmd: QUIT_EDITOR
[2019.04.25-14.53.41:259][294]LogWindowsTextInputMethodSystem: Display: IME system now deactivated.
[2019.04.25-14.53.41:306][294]LogSlate: Slate User Destroyed.  User Index 0, Is Virtual User: 0
[2019.04.25-14.53.41:308][294]LogExit: Preparing to exit.
[2019.04.25-14.53.42:078][294]LogDirectoryWatcher: A directory notification for 'C:/GitHub/3DLevelDesign/TheDen/TheDen/Content/' was aborted.
[2019.04.25-14.53.42:385][294]LogExit: Editor shut down
[2019.04.25-14.53.42:516][294]LogExit: Transaction tracking system shut down
[2019.04.25-14.53.42:521][294]LogUObjectGlobals: Destroyed PersistentFrame Addr=0x00000195ae0dd750, Size=4
[2019.04.25-14.53.42:521][294]LogUObjectGlobals: Destroyed PersistentFrame Addr=0x00000195b181e390, Size=72
[2019.04.25-14.53.42:521][294]LogUObjectGlobals: Destroyed PersistentFrame Addr=0x00000195b13ef9c0, Size=296
[2019.04.25-14.53.42:540][294]LogUObjectGlobals: Destroyed PersistentFrame Addr=0x00000195b202bb00, Size=272
[2019.04.25-14.53.42:540][294]LogUObjectGlobals: Destroyed PersistentFrame Addr=0x00000195b13c7600, Size=256
[2019.04.25-14.53.42:541][294]LogUObjectGlobals: Destroyed PersistentFrame Addr=0x00000195b17f57c0, Size=56
[2019.04.25-14.53.42:545][294]LogUObjectGlobals: Destroyed PersistentFrame Addr=0x00000195b1fbc940, Size=192
[2019.04.25-14.53.42:546][294]LogUObjectGlobals: Destroyed PersistentFrame Addr=0x00000195f8158400, Size=520
[2019.04.25-14.53.42:550][294]LogUObjectGlobals: Destroyed PersistentFrame Addr=0x00000195d8f04b80, Size=520
[2019.04.25-14.53.42:885][294]LogDirectoryWatcher: A directory notification for '../../../Engine/Content/' was aborted.
[2019.04.25-14.53.42:885][294]LogDirectoryWatcher: A directory notification for '../../../../../../GitHub/3DLevelDesign/TheDen/TheDen/Content/' was aborted.
[2019.04.25-14.53.42:886][294]LogDirectoryWatcher: A directory notification for '../../Plugins/2D/Paper2D/Content/' was aborted.
[2019.04.25-14.53.42:886][294]LogDirectoryWatcher: A directory notification for '../../Plugins/Enterprise/DatasmithContent/Content/' was aborted.
[2019.04.25-14.53.42:886][294]LogDirectoryWatcher: A directory notification for '../../Plugins/Media/MediaCompositing/Content/' was aborted.
[2019.04.25-14.53.42:886][294]LogDirectoryWatcher: A directory notification for '../../Plugins/Runtime/AppleARKit/Content/' was aborted.
[2019.04.25-14.53.42:887][294]LogDirectoryWatcher: A directory notification for '../../Plugins/Runtime/Oculus/OculusVR/Content/' was aborted.
[2019.04.25-14.53.42:887][294]LogDirectoryWatcher: A directory notification for '../../Plugins/Runtime/Steam/SteamVR/Content/' was aborted.
[2019.04.25-14.53.43:586][294]LogExit: Object subsystem successfully closed.
[2019.04.25-14.53.43:689][294]LogShaderCompilers: Display: Shaders left to compile 0
[2019.04.25-14.53.43:719][294]LogD3D11RHI: Shutdown
[2019.04.25-14.53.43:719][294]LogD3D11RHI: CleanupD3DDevice
[2019.04.25-14.53.43:737][294]LogD3D11RHI: ~FD3D11DynamicRHI
[2019.04.25-14.53.43:887][294]LogModuleManager: Shutting down and abandoning module MovieSceneCapture (576)
[2019.04.25-14.53.43:887][294]LogModuleManager: Shutting down and abandoning module HierarchicalLODOutliner (574)
[2019.04.25-14.53.43:888][294]LogModuleManager: Shutting down and abandoning module SceneOutliner (572)
[2019.04.25-14.53.43:888][294]LogModuleManager: Shutting down and abandoning module AddContentDialog (570)
[2019.04.25-14.53.43:889][294]LogDirectoryWatcher: A directory notification for 'C:/Program Files/Epic Games/UE_4.19/FeaturePacks/' was aborted.
[2019.04.25-14.53.43:894][294]LogModuleManager: Shutting down and abandoning module WidgetCarousel (569)
[2019.04.25-14.53.43:894][294]LogModuleManager: Shutting down and abandoning module EditorWidgets (566)
[2019.04.25-14.53.43:894][294]LogModuleManager: Shutting down and abandoning module CollectionManager (564)
[2019.04.25-14.53.43:896][294]LogDirectoryWatcher: A directory notification for 'C:/GitHub/3DLevelDesign/TheDen/TheDen/Content/Collections/' was aborted.
[2019.04.25-14.53.43:896][294]LogDirectoryWatcher: A directory notification for 'C:/GitHub/3DLevelDesign/TheDen/TheDen/Content/Developers/Dominique/Collections/' was aborted.
[2019.04.25-14.53.43:896][294]LogDirectoryWatcher: A directory notification for 'C:/GitHub/3DLevelDesign/TheDen/TheDen/Saved/Collections/' was aborted.
[2019.04.25-14.53.43:897][294]LogModuleManager: Shutting down and abandoning module StatsViewer (562)
[2019.04.25-14.53.43:899][294]LogModuleManager: Shutting down and abandoning module FoliageEdit (560)
[2019.04.25-14.53.43:899][294]LogModuleManager: Shutting down and abandoning module LandscapeEditor (558)
[2019.04.25-14.53.43:900][294]LogModuleManager: Shutting down and abandoning module MeshPaintMode (556)
[2019.04.25-14.53.43:901][294]LogModuleManager: Shutting down and abandoning module SceneDepthPickerMode (554)
[2019.04.25-14.53.43:902][294]LogModuleManager: Shutting down and abandoning module ActorPickerMode (552)
[2019.04.25-14.53.43:902][294]LogModuleManager: Shutting down and abandoning module GeometryMode (550)
[2019.04.25-14.53.43:902][294]LogModuleManager: Shutting down and abandoning module TextureAlignMode (548)
[2019.04.25-14.53.43:903][294]LogModuleManager: Shutting down and abandoning module BspMode (546)
[2019.04.25-14.53.43:903][294]LogModuleManager: Shutting down and abandoning module PIEPreviewDeviceProfileSelector (544)
[2019.04.25-14.53.43:903][294]LogModuleManager: Shutting down and abandoning module HardwareSurvey (542)
[2019.04.25-14.53.43:903][294]LogModuleManager: Shutting down and abandoning module SequenceRecorderSections (540)
[2019.04.25-14.53.43:904][294]LogModuleManager: Shutting down and abandoning module AutomationWorker (538)
[2019.04.25-14.53.43:904][294]LogModuleManager: Shutting down and abandoning module AudioCaptureEditor (536)
[2019.04.25-14.53.43:904][294]LogModuleManager: Shutting down and abandoning module SequenceRecorder (535)
[2019.04.25-14.53.43:906][294]LogModuleManager: Shutting down and abandoning module MatineeToLevelSequence (532)
[2019.04.25-14.53.43:906][294]LogModuleManager: Shutting down and abandoning module LevelSequenceEditor (530)
[2019.04.25-14.53.43:912][294]LogModuleManager: Shutting down and abandoning module PlacementMode (529)
[2019.04.25-14.53.43:912][294]LogModuleManager: Shutting down and abandoning module MaterialEditor (528)
[2019.04.25-14.53.43:919][294]LogModuleManager: Shutting down and abandoning module WmfMediaFactory (524)
[2019.04.25-14.53.43:919][294]LogModuleManager: Shutting down and abandoning module WmfMediaEditor (522)
[2019.04.25-14.53.43:919][294]LogModuleManager: Shutting down and abandoning module MediaPlayerEditor (520)
[2019.04.25-14.53.43:926][294]LogModuleManager: Shutting down and abandoning module OpenExrWrapper (518)
[2019.04.25-14.53.43:926][294]LogModuleManager: Shutting down and abandoning module ImgMediaFactory (516)
[2019.04.25-14.53.43:926][294]LogModuleManager: Shutting down and abandoning module ImgMediaEditor (514)
[2019.04.25-14.53.43:927][294]LogModuleManager: Shutting down and abandoning module AvfMediaFactory (512)
[2019.04.25-14.53.43:927][294]LogModuleManager: Shutting down and abandoning module AvfMediaEditor (510)
[2019.04.25-14.53.43:927][294]LogModuleManager: Shutting down and abandoning module AndroidMediaFactory (508)
[2019.04.25-14.53.43:927][294]LogModuleManager: Shutting down and abandoning module AndroidMediaEditor (506)
[2019.04.25-14.53.43:927][294]LogModuleManager: Shutting down and abandoning module CharacterAI (504)
[2019.04.25-14.53.43:927][294]LogModuleManager: Shutting down and abandoning module SmartSnapping (502)
[2019.04.25-14.53.43:927][294]LogModuleManager: Shutting down and abandoning module SessionServices (500)
[2019.04.25-14.53.43:927][294]LogModuleManager: Shutting down and abandoning module ViewportSnapping (498)
[2019.04.25-14.53.43:927][294]LogModuleManager: Shutting down and abandoning module ViewportInteraction (496)
[2019.04.25-14.53.43:928][294]LogModuleManager: Shutting down and abandoning module ClothPainter (494)
[2019.04.25-14.53.43:930][294]LogModuleManager: Shutting down and abandoning module SkeletalMeshEditor (493)
[2019.04.25-14.53.43:934][294]LogModuleManager: Shutting down and abandoning module LogVisualizer (490)
[2019.04.25-14.53.43:937][294]LogModuleManager: Shutting down and abandoning module IntroTutorials (488)
[2019.04.25-14.53.43:939][294]LogModuleManager: Shutting down and abandoning module GameProjectGeneration (487)
[2019.04.25-14.53.43:939][294]LogModuleManager: Shutting down and abandoning module IOSPlatformEditor (484)
[2019.04.25-14.53.43:940][294]LogModuleManager: Shutting down and abandoning module HTML5PlatformEditor (482)
[2019.04.25-14.53.43:940][294]LogModuleManager: Shutting down and abandoning module AndroidPlatformEditor (480)
[2019.04.25-14.53.43:940][294]LogModuleManager: Shutting down and abandoning module AndroidDeviceDetection (479)
[2019.04.25-14.53.44:133][294]LogModuleManager: Shutting down and abandoning module WindowsPlatformEditor (476)
[2019.04.25-14.53.44:133][294]LogModuleManager: Shutting down and abandoning module IOSRuntimeSettings (474)
[2019.04.25-14.53.44:133][294]LogModuleManager: Shutting down and abandoning module AndroidRuntimeSettings (472)
[2019.04.25-14.53.44:133][294]LogModuleManager: Shutting down and abandoning module InputBindingEditor (470)
[2019.04.25-14.53.44:136][294]LogModuleManager: Shutting down and abandoning module MergeActors (468)
[2019.04.25-14.53.44:137][294]LogModuleManager: Shutting down and abandoning module LocalizationDashboard (466)
[2019.04.25-14.53.44:139][294]LogModuleManager: Shutting down and abandoning module LocalizationService (465)
[2019.04.25-14.53.44:139][294]LogModuleManager: Shutting down and abandoning module HardwareTargeting (462)
[2019.04.25-14.53.44:140][294]LogModuleManager: Shutting down and abandoning module DeviceProfileEditor (460)
[2019.04.25-14.53.44:141][294]LogModuleManager: Shutting down and abandoning module UndoHistory (458)
[2019.04.25-14.53.44:141][294]LogModuleManager: Shutting down and abandoning module XmlParser (456)
[2019.04.25-14.53.44:142][294]LogModuleManager: Shutting down and abandoning module Blutility (454)
[2019.04.25-14.53.44:142][294]LogModuleManager: Shutting down and abandoning module ProjectSettingsViewer (452)
[2019.04.25-14.53.44:142][294]LogModuleManager: Shutting down and abandoning module ProjectTargetPlatformEditor (451)
[2019.04.25-14.53.44:144][294]LogModuleManager: Shutting down and abandoning module EditorSettingsViewer (448)
[2019.04.25-14.53.44:144][294]LogModuleManager: Shutting down and abandoning module SettingsEditor (446)
[2019.04.25-14.53.44:148][294]LogModuleManager: Shutting down and abandoning module ProjectLauncher (444)
[2019.04.25-14.53.44:148][294]LogModuleManager: Shutting down and abandoning module SessionFrontend (442)
[2019.04.25-14.53.44:149][294]LogModuleManager: Shutting down and abandoning module ProfilerClient (440)
[2019.04.25-14.53.44:150][294]LogModuleManager: Shutting down and abandoning module DeviceManager (438)
[2019.04.25-14.53.44:151][294]LogModuleManager: Shutting down and abandoning module TargetDeviceServices (437)
[2019.04.25-14.53.44:207][294]LogModuleManager: Shutting down and abandoning module AutomationController (434)
[2019.04.25-14.53.44:210][294]LogModuleManager: Shutting down and abandoning module AutomationWindow (432)
[2019.04.25-14.53.44:212][294]LogModuleManager: Shutting down and abandoning module Layers (430)
[2019.04.25-14.53.44:217][294]LogModuleManager: Shutting down and abandoning module ComponentVisualizers (428)
[2019.04.25-14.53.44:217][294]LogModuleManager: Shutting down and abandoning module DetailCustomizations (426)
[2019.04.25-14.53.44:218][294]LogModuleManager: Shutting down and abandoning module PackagesDialog (424)
[2019.04.25-14.53.44:219][294]LogModuleManager: Shutting down and abandoning module Persona (422)
[2019.04.25-14.53.44:220][294]LogModuleManager: Shutting down and abandoning module AdvancedPreviewScene (421)
[2019.04.25-14.53.44:220][294]LogModuleManager: Shutting down and abandoning module AnimGraph (419)
[2019.04.25-14.53.44:220][294]LogModuleManager: Shutting down and abandoning module Kismet (416)
[2019.04.25-14.53.44:225][294]LogModuleManager: Shutting down and abandoning module GraphEditor (414)
[2019.04.25-14.53.44:229][294]LogModuleManager: Shutting down and abandoning module ClassViewer (412)
[2019.04.25-14.53.44:230][294]LogModuleManager: Shutting down and abandoning module Toolbox (410)
[2019.04.25-14.53.44:230][294]LogModuleManager: Shutting down and abandoning module ModuleUI (408)
[2019.04.25-14.53.44:230][294]LogModuleManager: Shutting down and abandoning module MovieSceneTools (406)
[2019.04.25-14.53.44:233][294]LogModuleManager: Shutting down and abandoning module OutputLog (404)
[2019.04.25-14.53.44:234][294]LogModuleManager: Shutting down and abandoning module GammaUI (402)
[2019.04.25-14.53.44:235][294]LogModuleManager: Shutting down and abandoning module Documentation (400)
[2019.04.25-14.53.44:236][294]LogModuleManager: Shutting down and abandoning module MovieSceneTracks (398)
[2019.04.25-14.53.44:236][294]LogModuleManager: Shutting down and abandoning module MovieScene (396)
[2019.04.25-14.53.44:236][294]LogModuleManager: Shutting down and abandoning module StreamingPauseRendering (394)
[2019.04.25-14.53.44:236][294]LogModuleManager: Shutting down and abandoning module LauncherPlatform (392)
[2019.04.25-14.53.44:237][294]LogModuleManager: Shutting down and abandoning module AnalyticsET (390)
[2019.04.25-14.53.44:237][294]LogModuleManager: Shutting down and abandoning module PortalServices (388)
[2019.04.25-14.53.44:237][294]LogModuleManager: Shutting down and abandoning module PortalRpc (386)
[2019.04.25-14.53.44:237][294]LogModuleManager: Shutting down and abandoning module MessagingRpc (384)
[2019.04.25-14.53.44:237][294]LogModuleManager: Shutting down and abandoning module AIModule (382)
[2019.04.25-14.53.44:237][294]LogModuleManager: Shutting down and abandoning module GameplayDebugger (381)
[2019.04.25-14.53.44:237][294]LogModuleManager: Shutting down and abandoning module AITestSuite (379)
[2019.04.25-14.53.44:238][294]LogModuleManager: Shutting down and abandoning module DesktopPlatform (376)
[2019.04.25-14.53.44:238][294]LogModuleManager: Shutting down and abandoning module ProfilerService (374)
[2019.04.25-14.53.44:338][294]LogModuleManager: Shutting down and abandoning module TaskGraph (372)
[2019.04.25-14.53.44:341][294]LogModuleManager: Shutting down and abandoning module SteamVRController (370)
[2019.04.25-14.53.44:341][294]LogModuleManager: Shutting down and abandoning module ProceduralMeshComponentEditor (368)
[2019.04.25-14.53.44:341][294]LogModuleManager: Shutting down and abandoning module ProceduralMeshComponent (366)
[2019.04.25-14.53.44:342][294]LogModuleManager: Shutting down and abandoning module OculusInput (364)
[2019.04.25-14.53.44:343][294]LogModuleManager: Shutting down and abandoning module MobilePatchingUtils (362)
[2019.04.25-14.53.44:343][294]LogModuleManager: Shutting down and abandoning module CustomMeshComponent (360)
[2019.04.25-14.53.44:343][294]LogModuleManager: Shutting down and abandoning module CableComponent (358)
[2019.04.25-14.53.44:343][294]LogModuleManager: Shutting down and abandoning module AudioCapture (356)
[2019.04.25-14.53.44:344][294]LogModuleManager: Shutting down and abandoning module ArchVisCharacter (354)
[2019.04.25-14.53.44:344][294]LogModuleManager: Shutting down and abandoning module AndroidPermission (352)
[2019.04.25-14.53.44:344][294]LogModuleManager: Shutting down and abandoning module NUTUnrealEngine4 (348)
[2019.04.25-14.53.44:344][294]LogModuleManager: Shutting down and abandoning module NetcodeUnitTest (346)
[2019.04.25-14.53.44:347][294]LogModuleManager: Shutting down and abandoning module MediaCompositingEditor (344)
[2019.04.25-14.53.44:347][294]LogModuleManager: Shutting down and abandoning module MediaCompositing (342)
[2019.04.25-14.53.44:347][294]LogModuleManager: Shutting down and abandoning module LinearTimecode (340)
[2019.04.25-14.53.44:347][294]LogModuleManager: Shutting down and abandoning module ImgMedia (338)
[2019.04.25-14.53.44:359][294]LogModuleManager: Shutting down and abandoning module HTML5Networking (336)
[2019.04.25-14.53.44:360][294]LogModuleManager: Shutting down and abandoning module AlembicImporter (334)
[2019.04.25-14.53.44:361][294]LogModuleManager: Shutting down and abandoning module AlembicLibrary (333)
[2019.04.25-14.53.44:361][294]LogModuleManager: Shutting down and abandoning module GeometryCache (332)
[2019.04.25-14.53.44:361][294]LogModuleManager: Shutting down and abandoning module GeometryCacheEd (331)
[2019.04.25-14.53.44:361][294]LogModuleManager: Shutting down and abandoning module DatasmithContent (326)
[2019.04.25-14.53.44:361][294]LogModuleManager: Shutting down and abandoning module SpeedTreeImporter (324)
[2019.04.25-14.53.44:361][294]LogModuleManager: Shutting down and abandoning module PluginBrowser (322)
[2019.04.25-14.53.44:364][294]LogModuleManager: Shutting down and abandoning module MobileLauncherProfileWizard (320)
[2019.04.25-14.53.44:366][294]LogModuleManager: Shutting down and abandoning module CryptoKeysOpenSSL (318)
[2019.04.25-14.53.44:367][294]LogModuleManager: Shutting down and abandoning module CryptoKeys (316)
[2019.04.25-14.53.44:368][294]LogModuleManager: Shutting down and abandoning module VisualStudioSourceCodeAccess (314)
[2019.04.25-14.53.44:368][294]LogModuleManager: Shutting down and abandoning module VisualStudioCodeSourceCodeAccess (312)
[2019.04.25-14.53.44:368][294]LogModuleManager: Shutting down and abandoning module UObjectPlugin (310)
[2019.04.25-14.53.44:368][294]LogModuleManager: Shutting down and abandoning module SubversionSourceControl (308)
[2019.04.25-14.53.44:370][294]LogModuleManager: Shutting down and abandoning module PerforceSourceControl (306)
[2019.04.25-14.53.44:372][294]LogModuleManager: Shutting down and abandoning module GitSourceControl (304)
[2019.04.25-14.53.44:374][294]LogModuleManager: Shutting down and abandoning module SourceControl (303)
[2019.04.25-14.53.44:376][294]LogModuleManager: Shutting down and abandoning module CLionSourceCodeAccess (300)
[2019.04.25-14.53.44:377][294]LogModuleManager: Shutting down and abandoning module LightPropagationVolumeEditor (298)
[2019.04.25-14.53.44:377][294]LogModuleManager: Shutting down and abandoning module PaperTiledImporter (296)
[2019.04.25-14.53.44:377][294]LogModuleManager: Shutting down and abandoning module PaperSpriteSheetImporter (294)
[2019.04.25-14.53.44:377][294]LogModuleManager: Shutting down and abandoning module Paper2DEditor (292)
[2019.04.25-14.53.44:380][294]LogModuleManager: Shutting down and abandoning module MeshPaint (291)
[2019.04.25-14.53.44:382][294]LogModuleManager: Shutting down and abandoning module RuntimePhysXCooking (288)
[2019.04.25-14.53.44:382][294]LogModuleManager: Shutting down and abandoning module PhysXVehiclesEditor (286)
[2019.04.25-14.53.44:382][294]LogModuleManager: Shutting down and abandoning module PhysXVehicles (284)
[2019.04.25-14.53.44:382][294]LogModuleManager: Shutting down and abandoning module OculusEditor (282)
[2019.04.25-14.53.44:382][294]LogModuleManager: Shutting down and abandoning module LocationServicesBPLibrary (280)
[2019.04.25-14.53.44:382][294]LogModuleManager: Shutting down and abandoning module ImmediatePhysicsEditor (278)
[2019.04.25-14.53.44:382][294]LogModuleManager: Shutting down and abandoning module ImmediatePhysics (276)
[2019.04.25-14.53.44:383][294]LogModuleManager: Shutting down and abandoning module ActorSequence (274)
[2019.04.25-14.53.44:383][294]LogModuleManager: Shutting down and abandoning module UdpMessaging (272)
[2019.04.25-14.53.44:486][294]LogModuleManager: Shutting down and abandoning module TcpMessaging (270)
[2019.04.25-14.53.44:588][294]LogModuleManager: Shutting down and abandoning module GameplayTagsEditor (268)
[2019.04.25-14.53.44:591][294]LogModuleManager: Shutting down and abandoning module FacialAnimationEditor (266)
[2019.04.25-14.53.44:592][294]LogModuleManager: Shutting down and abandoning module FacialAnimation (264)
[2019.04.25-14.53.44:592][294]LogModuleManager: Shutting down and abandoning module DataValidation (262)
[2019.04.25-14.53.44:592][294]LogModuleManager: Shutting down and abandoning module AssetManagerEditor (260)
[2019.04.25-14.53.44:594][294]LogModuleManager: Shutting down and abandoning module LevelEditor (259)
[2019.04.25-14.53.44:601][294]LogModuleManager: Shutting down and abandoning module PixelInspectorModule (258)
[2019.04.25-14.53.44:602][294]LogModuleManager: Shutting down and abandoning module CommonMenuExtensions (256)
[2019.04.25-14.53.44:603][294]LogModuleManager: Shutting down and abandoning module MainFrame (254)
[2019.04.25-14.53.44:604][294]LogModuleManager: Shutting down and abandoning module HotReload (253)
[2019.04.25-14.53.44:606][294]LogModuleManager: Shutting down and abandoning module ContentBrowser (249)
[2019.04.25-14.53.44:608][294]LogModuleManager: Shutting down and abandoning module TreeMap (247)
[2019.04.25-14.53.44:609][294]LogModuleManager: Shutting down and abandoning module LightPropagationVolumeRuntime (244)
[2019.04.25-14.53.44:609][294]LogModuleManager: Shutting down and abandoning module LiveLinkEditor (242)
[2019.04.25-14.53.44:611][294]LogModuleManager: Shutting down and abandoning module LiveLink (240)
[2019.04.25-14.53.45:212][294]LogModuleManager: Shutting down and abandoning module Paper2D (238)
[2019.04.25-14.53.45:212][294]LogModuleManager: Shutting down and abandoning module WindowsMoviePlayer (236)
[2019.04.25-14.53.45:215][294]LogModuleManager: Shutting down and abandoning module WmfMedia (234)
[2019.04.25-14.53.45:221][294]LogModuleManager: Shutting down and abandoning module Media (233)
[2019.04.25-14.53.45:229][294]LogModuleManager: Shutting down and abandoning module PacketHandler (230)
[2019.04.25-14.53.45:230][294]LogModuleManager: Shutting down and abandoning module ClothingSystemEditor (228)
[2019.04.25-14.53.45:230][294]LogModuleManager: Shutting down and abandoning module ClothingSystemRuntime (226)
[2019.04.25-14.53.45:232][294]LogModuleManager: Shutting down and abandoning module MediaAssets (224)
[2019.04.25-14.53.45:232][294]LogModuleManager: Shutting down and abandoning module Overlay (222)
[2019.04.25-14.53.45:232][294]LogModuleManager: Shutting down and abandoning module OverlayEditor (221)
[2019.04.25-14.53.45:232][294]LogModuleManager: Shutting down and abandoning module VREditor (218)
[2019.04.25-14.53.45:234][294]LogModuleManager: Shutting down and abandoning module StringTableEditor (216)
[2019.04.25-14.53.45:234][294]LogModuleManager: Shutting down and abandoning module GameplayTasksEditor (214)
[2019.04.25-14.53.45:234][294]LogModuleManager: Shutting down and abandoning module BehaviorTreeEditor (212)
[2019.04.25-14.53.45:239][294]LogModuleManager: Shutting down and abandoning module FunctionalTesting (210)
[2019.04.25-14.53.45:239][294]LogModuleManager: Shutting down and abandoning module CollisionAnalyzer (208)
[2019.04.25-14.53.45:241][294]LogModuleManager: Shutting down and abandoning module WorkspaceMenuStructure (207)
[2019.04.25-14.53.45:241][294]LogModuleManager: Shutting down and abandoning module UMG (204)
[2019.04.25-14.53.45:243][294]LogModuleManager: Shutting down and abandoning module UMGEditor (203)
[2019.04.25-14.53.45:247][294]LogModuleManager: Shutting down and abandoning module Sequencer (202)
[2019.04.25-14.53.45:250][294]LogModuleManager: Shutting down and abandoning module MessageLog (199)
[2019.04.25-14.53.45:250][294]LogModuleManager: Shutting down and abandoning module SlateReflector (194)
[2019.04.25-14.53.45:254][294]LogModuleManager: Shutting down and abandoning module Slate (192)
[2019.04.25-14.53.45:255][294]LogModuleManager: Shutting down and abandoning module EditorStyle (190)
[2019.04.25-14.53.45:266][294]LogModuleManager: Shutting down and abandoning module MRMesh (188)
[2019.04.25-14.53.45:266][294]LogModuleManager: Shutting down and abandoning module SourceCodeAccess (186)
[2019.04.25-14.53.45:266][294]LogModuleManager: Shutting down and abandoning module HeadMountedDisplay (184)
[2019.04.25-14.53.45:266][294]LogModuleManager: Shutting down and abandoning module XAudio2 (182)
[2019.04.25-14.53.45:266][294]LogModuleManager: Shutting down and abandoning module Networking (180)
[2019.04.25-14.53.45:266][294]LogModuleManager: Shutting down and abandoning module Core (178)
[2019.04.25-14.53.45:267][294]LogModuleManager: Shutting down and abandoning module LevelSequence (176)
[2019.04.25-14.53.45:267][294]LogModuleManager: Shutting down and abandoning module KismetCompiler (174)
[2019.04.25-14.53.45:268][294]LogModuleManager: Shutting down and abandoning module MeshUtilities (172)
[2019.04.25-14.53.45:269][294]LogModuleManager: Shutting down and abandoning module MeshMergeUtilities (171)
[2019.04.25-14.53.45:269][294]LogModuleManager: Shutting down and abandoning module MeshReductionInterface (170)
[2019.04.25-14.53.45:269][294]LogModuleManager: Shutting down and abandoning module SimplygonSwarm (169)
[2019.04.25-14.53.45:270][294]LogModuleManager: Shutting down and abandoning module SimplygonMeshReduction (167)
[2019.04.25-14.53.45:271][294]LogModuleManager: Shutting down and abandoning module QuadricMeshReduction (165)
[2019.04.25-14.53.45:272][294]LogModuleManager: Shutting down and abandoning module MaterialBaking (161)
[2019.04.25-14.53.45:273][294]LogModuleManager: Shutting down and abandoning module DirectoryWatcher (157)
[2019.04.25-14.53.45:296][294]LogModuleManager: Shutting down and abandoning module DerivedDataCache (154)
[2019.04.25-14.53.45:372][294]LogDerivedDataCache: Shutdown
[2019.04.25-14.53.45:372][294]LogModuleManager: Shutting down and abandoning module XGEController (152)
[2019.04.25-14.53.45:373][294]LogModuleManager: Shutting down and abandoning module TargetPlatform (150)
[2019.04.25-14.53.45:373][294]LogModuleManager: Shutting down and abandoning module VulkanShaderFormat (149)
[2019.04.25-14.53.45:374][294]LogModuleManager: Shutting down and abandoning module ShaderFormatVectorVM (147)
[2019.04.25-14.53.45:375][294]LogModuleManager: Shutting down and abandoning module ShaderFormatOpenGL (145)
[2019.04.25-14.53.45:375][294]LogModuleManager: Shutting down and abandoning module ShaderFormatD3D (143)
[2019.04.25-14.53.45:376][294]LogModuleManager: Shutting down and abandoning module MetalShaderFormat (141)
[2019.04.25-14.53.45:377][294]LogModuleManager: Shutting down and abandoning module TextureFormatUncompressed (139)
[2019.04.25-14.53.45:378][294]LogModuleManager: Shutting down and abandoning module TextureFormatPVR (137)
[2019.04.25-14.53.45:378][294]LogModuleManager: Shutting down and abandoning module TextureFormatDXT (135)
[2019.04.25-14.53.45:378][294]LogModuleManager: Shutting down and abandoning module TextureFormatIntelISPCTexComp (133)
[2019.04.25-14.53.45:379][294]LogModuleManager: Shutting down and abandoning module TextureFormatASTC (131)
[2019.04.25-14.53.45:380][294]LogModuleManager: Shutting down and abandoning module ImageWrapper (130)
[2019.04.25-14.53.45:380][294]LogModuleManager: Shutting down and abandoning module TextureFormatAndroid (127)
[2019.04.25-14.53.45:380][294]LogModuleManager: Shutting down and abandoning module AudioFormatOpus (125)
[2019.04.25-14.53.45:380][294]LogModuleManager: Shutting down and abandoning module AudioFormatOgg (123)
[2019.04.25-14.53.45:380][294]LogModuleManager: Shutting down and abandoning module AudioFormatADPCM (121)
[2019.04.25-14.53.45:380][294]LogModuleManager: Shutting down and abandoning module LinuxTargetPlatform (119)
[2019.04.25-14.53.45:381][294]LogModuleManager: Shutting down and abandoning module LinuxServerTargetPlatform (117)
[2019.04.25-14.53.45:381][294]LogModuleManager: Shutting down and abandoning module LinuxNoEditorTargetPlatform (115)
[2019.04.25-14.53.45:381][294]LogModuleManager: Shutting down and abandoning module LinuxClientTargetPlatform (113)
[2019.04.25-14.53.45:381][294]LogModuleManager: Shutting down and abandoning module TVOSTargetPlatform (111)
[2019.04.25-14.53.45:382][294]LogModuleManager: Shutting down and abandoning module Messaging (109)
[2019.04.25-14.53.45:382][294]LogModuleManager: Shutting down and abandoning module IOSTargetPlatform (107)
[2019.04.25-14.53.45:382][294]LogModuleManager: Shutting down and abandoning module HTML5TargetPlatform (105)
[2019.04.25-14.53.45:382][294]LogModuleManager: Shutting down and abandoning module AndroidTargetPlatform (103)
[2019.04.25-14.53.45:382][294]LogModuleManager: Shutting down and abandoning module Android_PVRTCTargetPlatform (101)
[2019.04.25-14.53.45:382][294]LogModuleManager: Shutting down and abandoning module Android_MultiTargetPlatform (99)
[2019.04.25-14.53.45:382][294]LogModuleManager: Shutting down and abandoning module Android_ETC2TargetPlatform (97)
[2019.04.25-14.53.45:382][294]LogModuleManager: Shutting down and abandoning module Android_ETC1TargetPlatform (95)
[2019.04.25-14.53.45:382][294]LogModuleManager: Shutting down and abandoning module Android_ETC1aTargetPlatform (93)
[2019.04.25-14.53.45:383][294]LogModuleManager: Shutting down and abandoning module Android_DXTTargetPlatform (91)
[2019.04.25-14.53.45:383][294]LogModuleManager: Shutting down and abandoning module Android_ATCTargetPlatform (89)
[2019.04.25-14.53.45:383][294]LogModuleManager: Shutting down and abandoning module Android_ASTCTargetPlatform (87)
[2019.04.25-14.53.45:383][294]LogModuleManager: Shutting down and abandoning module WindowsTargetPlatform (85)
[2019.04.25-14.53.45:383][294]LogModuleManager: Shutting down and abandoning module WindowsServerTargetPlatform (83)
[2019.04.25-14.53.45:383][294]LogModuleManager: Shutting down and abandoning module WindowsNoEditorTargetPlatform (81)
[2019.04.25-14.53.45:384][294]LogModuleManager: Shutting down and abandoning module WindowsClientTargetPlatform (79)
[2019.04.25-14.53.45:384][294]LogModuleManager: Shutting down and abandoning module MacTargetPlatform (77)
[2019.04.25-14.53.45:385][294]LogModuleManager: Shutting down and abandoning module MacServerTargetPlatform (75)
[2019.04.25-14.53.45:385][294]LogModuleManager: Shutting down and abandoning module MacNoEditorTargetPlatform (73)
[2019.04.25-14.53.45:385][294]LogModuleManager: Shutting down and abandoning module MacClientTargetPlatform (71)
[2019.04.25-14.53.45:385][294]LogModuleManager: Shutting down and abandoning module AllDesktopTargetPlatform (69)
[2019.04.25-14.53.45:385][294]LogModuleManager: Shutting down and abandoning module InputCore (66)
[2019.04.25-14.53.45:385][294]LogModuleManager: Shutting down and abandoning module Settings (64)
[2019.04.25-14.53.45:386][294]LogModuleManager: Shutting down and abandoning module PhysXCooking (62)
[2019.04.25-14.53.45:386][294]LogModuleManager: Shutting down and abandoning module SteamVR (60)
[2019.04.25-14.53.45:386][294]LogModuleManager: Shutting down and abandoning module OculusHMD (58)
[2019.04.25-14.53.45:387][294]LogModuleManager: Shutting down and abandoning module ExampleDeviceProfileSelector (56)
[2019.04.25-14.53.45:387][294]LogModuleManager: Shutting down and abandoning module AppleARKit (54)
[2019.04.25-14.53.45:387][294]LogModuleManager: Shutting down and abandoning module AugmentedReality (51)
[2019.04.25-14.53.45:387][294]LogModuleManager: Shutting down and abandoning module OnlineBlueprintSupport (48)
[2019.04.25-14.53.45:387][294]LogModuleManager: Shutting down and abandoning module OnlineSubsystem (44)
[2019.04.25-14.53.45:389][294]LogModuleManager: Shutting down and abandoning module XMPP (43)
[2019.04.25-14.53.45:392][294]LogModuleManager: Shutting down and abandoning module HTTP (41)
[2019.04.25-14.53.45:393][294]LogHttp: Display: Http module shutting down, but needs to wait on 1 outstanding Http requests:
[2019.04.25-14.53.45:393][294]LogHttp: Display: 	verb=[POST] url=[https://datarouter.ol.epicgames.com/datarouter/api/v1/public/data?SessionID=%7BFDB5D9AD-4F3B-394D-AD30-3BBDB75ECC9B%7D&AppID=UEEditor.Rocket.Release&AppVersion=4.19.2-4033788%2B%2B%2BUE4%2BRelease-4.19&UserID=4676147241596e60be1bebb314d9ab9e%7Cbe48acb5dc834a04812c9df78542e6b3%7C2f145205-9927-4646-8cab-85f64500effc&AppEnvironment=datacollector-binary&UploadType=eteventstream] status=Processing
[2019.04.25-14.53.45:404][294]LogModuleManager: Shutting down and abandoning module SSL (40)
[2019.04.25-14.53.45:409][294]LogModuleManager: Shutting down and abandoning module AnimationModifiers (36)
[2019.04.25-14.53.45:411][294]LogModuleManager: Shutting down and abandoning module PropertyEditor (35)
[2019.04.25-14.53.45:413][294]LogModuleManager: Shutting down and abandoning module AudioEditor (32)
[2019.04.25-14.53.45:416][294]LogModuleManager: Shutting down and abandoning module TextureCompressor (30)
[2019.04.25-14.53.45:417][294]LogModuleManager: Shutting down and abandoning module ShaderCore (28)
[2019.04.25-14.53.45:417][294]LogModuleManager: Shutting down and abandoning module Landscape (26)
[2019.04.25-14.53.45:417][294]LogModuleManager: Shutting down and abandoning module SlateRHIRenderer (24)
[2019.04.25-14.53.45:422][294]LogModuleManager: Shutting down and abandoning module OpenGLDrv (22)
[2019.04.25-14.53.45:423][294]LogModuleManager: Shutting down and abandoning module D3D11RHI (20)
[2019.04.25-14.53.45:423][294]LogModuleManager: Shutting down and abandoning module AnimGraphRuntime (18)
[2019.04.25-14.53.45:424][294]LogModuleManager: Shutting down and abandoning module Renderer (16)
[2019.04.25-14.53.45:424][294]LogModuleManager: Shutting down and abandoning module Engine (14)
[2019.04.25-14.53.45:424][294]LogModuleManager: Shutting down and abandoning module CoreUObject (12)
[2019.04.25-14.53.45:424][294]LogModuleManager: Shutting down and abandoning module NetworkFile (10)
[2019.04.25-14.53.45:425][294]LogModuleManager: Shutting down and abandoning module CookedIterativeFile (8)
[2019.04.25-14.53.45:425][294]LogModuleManager: Shutting down and abandoning module StreamingFile (6)
[2019.04.25-14.53.45:425][294]LogModuleManager: Shutting down and abandoning module SandboxFile (4)
[2019.04.25-14.53.45:426][294]LogModuleManager: Shutting down and abandoning module PakFile (2)
[2019.04.25-14.53.45:456][294]LogExit: Exiting.
[2019.04.25-14.53.45:547][294]Log file closed, 04/25/19 15:53:45
