Log file open, 03/28/19 09:52:20
LogWindows: Failed to load 'aqProf.dll' (GetLastError=126)
LogWindows: File 'aqProf.dll' does not exist
LogWindows: Failed to load 'VtuneApi.dll' (GetLastError=126)
LogWindows: File 'VtuneApi.dll' does not exist
LogWindows: Failed to load 'VtuneApi32e.dll' (GetLastError=126)
LogWindows: File 'VtuneApi32e.dll' does not exist
LogInit: Display: Running engine for game: TheDen
LogPlatformFile: Not using cached read wrapper
LogInit: Display: RandInit(-1036155895) SRandInit(-1036155895).
LogInit: Read version file with build ID '3944462'
LogInit: Overriding engine version to CL 4033788, compatible CL 3944462
LogInit: Registered custom module enumerator with build ID '3944462'
LogTaskGraph: Started task graph with 5 named threads and 20 total threads with 3 sets of task threads.
LogStats: Stats thread started at 0.226918
LogD3D11RHI: Aftermath initialized
LogICUInternationalization: Display: ICU TimeZone Detection - Raw Offset: +0:00, Platform Override: ''
LogModuleManager: Display: Found up-to-date module file ../../../Engine/Plugins/2D/Paper2D/Binaries/Win64/UE4Editor-Paper2D.dll (API version 3944462).
LogModuleManager: Display: Found up-to-date module file ../../../Engine/Plugins/2D/Paper2D/Binaries/Win64/UE4Editor-Paper2DEditor.dll (API version 3944462).
LogModuleManager: Display: Found up-to-date module file ../../../Engine/Plugins/2D/Paper2D/Binaries/Win64/UE4Editor-PaperSpriteSheetImporter.dll (API version 3944462).
LogModuleManager: Display: Found up-to-date module file ../../../Engine/Plugins/2D/Paper2D/Binaries/Win64/UE4Editor-PaperTiledImporter.dll (API version 3944462).
LogModuleManager: Display: Found up-to-date module file ../../../Engine/Plugins/2D/Paper2D/Binaries/Win64/UE4Editor-SmartSnapping.dll (API version 3944462).
LogModuleManager: Display: Found up-to-date module file ../../../Engine/Plugins/Blendables/LightPropagationVolume/Binaries/Win64/UE4Editor-LightPropagationVolumeRuntime.dll (API version 3944462).
LogModuleManager: Display: Found up-to-date module file ../../../Engine/Plugins/Blendables/LightPropagationVolume/Binaries/Win64/UE4Editor-LightPropagationVolumeEditor.dll (API version 3944462).
LogModuleManager: Display: Found up-to-date module file ../../../Engine/Plugins/Developer/CLionSourceCodeAccess/Binaries/Win64/UE4Editor-CLionSourceCodeAccess.dll (API version 3944462).
LogModuleManager: Display: Found up-to-date module file ../../../Engine/Plugins/Developer/GitSourceControl/Binaries/Win64/UE4Editor-GitSourceControl.dll (API version 3944462).
LogModuleManager: Display: Found up-to-date module file ../../../Engine/Plugins/Developer/PerforceSourceControl/Binaries/Win64/UE4Editor-PerforceSourceControl.dll (API version 3944462).
LogModuleManager: Display: Found up-to-date module file ../../../Engine/Plugins/Developer/SubversionSourceControl/Binaries/Win64/UE4Editor-SubversionSourceControl.dll (API version 3944462).
LogModuleManager: Display: Found up-to-date module file ../../../Engine/Plugins/Developer/UObjectPlugin/Binaries/Win64/UE4Editor-UObjectPlugin.dll (API version 3944462).
LogModuleManager: Display: Found up-to-date module file ../../../Engine/Plugins/Developer/VisualStudioCodeSourceCodeAccess/Binaries/Win64/UE4Editor-VisualStudioCodeSourceCodeAccess.dll (API version 3944462).
LogModuleManager: Display: Found up-to-date module file ../../../Engine/Plugins/Developer/VisualStudioSourceCodeAccess/Binaries/Win64/UE4Editor-VisualStudioSourceCodeAccess.dll (API version 3944462).
LogModuleManager: Display: Found up-to-date module file ../../../Engine/Plugins/Editor/AssetManagerEditor/Binaries/Win64/UE4Editor-AssetManagerEditor.dll (API version 3944462).
LogModuleManager: Display: Found up-to-date module file ../../../Engine/Plugins/Editor/CryptoKeys/Binaries/Win64/UE4Editor-CryptoKeys.dll (API version 3944462).
LogModuleManager: Display: Found up-to-date module file ../../../Engine/Plugins/Editor/CryptoKeys/Binaries/Win64/UE4Editor-CryptoKeysOpenSSL.dll (API version 3944462).
LogModuleManager: Display: Found up-to-date module file ../../../Engine/Plugins/Editor/DataValidation/Binaries/Win64/UE4Editor-DataValidation.dll (API version 3944462).
LogModuleManager: Display: Found up-to-date module file ../../../Engine/Plugins/Editor/FacialAnimation/Binaries/Win64/UE4Editor-FacialAnimation.dll (API version 3944462).
LogModuleManager: Display: Found up-to-date module file ../../../Engine/Plugins/Editor/FacialAnimation/Binaries/Win64/UE4Editor-FacialAnimationEditor.dll (API version 3944462).
LogModuleManager: Display: Found up-to-date module file ../../../Engine/Plugins/Editor/GameplayTagsEditor/Binaries/Win64/UE4Editor-GameplayTagsEditor.dll (API version 3944462).
LogModuleManager: Display: Found up-to-date module file ../../../Engine/Plugins/Editor/MobileLauncherProfileWizard/Binaries/Win64/UE4Editor-MobileLauncherProfileWizard.dll (API version 3944462).
LogModuleManager: Display: Found up-to-date module file ../../../Engine/Plugins/Editor/PluginBrowser/Binaries/Win64/UE4Editor-PluginBrowser.dll (API version 3944462).
LogModuleManager: Display: Found up-to-date module file ../../../Engine/Plugins/Editor/SpeedTreeImporter/Binaries/Win64/UE4Editor-SpeedTreeImporter.dll (API version 3944462).
LogModuleManager: Display: Found up-to-date module file ../../../Engine/Plugins/Enterprise/DatasmithContent/Binaries/Win64/UE4Editor-DatasmithContent.dll (API version 3944462).
LogModuleManager: Display: Found up-to-date module file ../../../Engine/Plugins/Experimental/AlembicImporter/Binaries/Win64/UE4Editor-AlembicImporter.dll (API version 3944462).
LogModuleManager: Display: Found up-to-date module file ../../../Engine/Plugins/Experimental/AlembicImporter/Binaries/Win64/UE4Editor-AlembicLibrary.dll (API version 3944462).
LogModuleManager: Display: Found up-to-date module file ../../../Engine/Plugins/Experimental/CharacterAI/Binaries/Win64/UE4Editor-CharacterAI.dll (API version 3944462).
LogModuleManager: Display: Found up-to-date module file ../../../Engine/Plugins/Experimental/HTML5Networking/Binaries/Win64/UE4Editor-HTML5Networking.dll (API version 3944462).
LogModuleManager: Display: Found up-to-date module file ../../../Engine/Plugins/Media/AndroidMedia/Binaries/Win64/UE4Editor-AndroidMediaEditor.dll (API version 3944462).
LogModuleManager: Display: Found up-to-date module file ../../../Engine/Plugins/Media/AndroidMedia/Binaries/Win64/UE4Editor-AndroidMediaFactory.dll (API version 3944462).
LogModuleManager: Display: Found up-to-date module file ../../../Engine/Plugins/Media/AvfMedia/Binaries/Win64/UE4Editor-AvfMediaEditor.dll (API version 3944462).
LogModuleManager: Display: Found up-to-date module file ../../../Engine/Plugins/Media/AvfMedia/Binaries/Win64/UE4Editor-AvfMediaFactory.dll (API version 3944462).
LogModuleManager: Display: Found up-to-date module file ../../../Engine/Plugins/Media/AvfMedia/Binaries/Win64/UE4Editor-AvfMediaFactory.dll (API version 3944462).
LogModuleManager: Display: Found up-to-date module file ../../../Engine/Plugins/Media/ImgMedia/Binaries/Win64/UE4Editor-ImgMedia.dll (API version 3944462).
LogModuleManager: Display: Found up-to-date module file ../../../Engine/Plugins/Media/ImgMedia/Binaries/Win64/UE4Editor-ImgMediaEditor.dll (API version 3944462).
LogModuleManager: Display: Found up-to-date module file ../../../Engine/Plugins/Media/ImgMedia/Binaries/Win64/UE4Editor-ImgMediaFactory.dll (API version 3944462).
LogModuleManager: Display: Found up-to-date module file ../../../Engine/Plugins/Media/ImgMedia/Binaries/Win64/UE4Editor-ImgMediaFactory.dll (API version 3944462).
LogModuleManager: Display: Found up-to-date module file ../../../Engine/Plugins/Media/ImgMedia/Binaries/Win64/UE4Editor-OpenExrWrapper.dll (API version 3944462).
LogModuleManager: Display: Found up-to-date module file ../../../Engine/Plugins/Media/LinearTimecode/Binaries/Win64/UE4Editor-LinearTimecode.dll (API version 3944462).
LogModuleManager: Display: Found up-to-date module file ../../../Engine/Plugins/Media/MediaCompositing/Binaries/Win64/UE4Editor-MediaCompositing.dll (API version 3944462).
LogModuleManager: Display: Found up-to-date module file ../../../Engine/Plugins/Media/MediaCompositing/Binaries/Win64/UE4Editor-MediaCompositingEditor.dll (API version 3944462).
LogModuleManager: Display: Found up-to-date module file ../../../Engine/Plugins/Media/MediaPlayerEditor/Binaries/Win64/UE4Editor-MediaPlayerEditor.dll (API version 3944462).
LogModuleManager: Display: Found up-to-date module file ../../../Engine/Plugins/Media/WmfMedia/Binaries/Win64/UE4Editor-WmfMedia.dll (API version 3944462).
LogModuleManager: Display: Found up-to-date module file ../../../Engine/Plugins/Media/WmfMedia/Binaries/Win64/UE4Editor-WmfMediaEditor.dll (API version 3944462).
LogModuleManager: Display: Found up-to-date module file ../../../Engine/Plugins/Media/WmfMedia/Binaries/Win64/UE4Editor-WmfMediaFactory.dll (API version 3944462).
LogModuleManager: Display: Found up-to-date module file ../../../Engine/Plugins/Media/WmfMedia/Binaries/Win64/UE4Editor-WmfMediaFactory.dll (API version 3944462).
LogModuleManager: Display: Found up-to-date module file ../../../Engine/Plugins/Messaging/TcpMessaging/Binaries/Win64/UE4Editor-TcpMessaging.dll (API version 3944462).
LogModuleManager: Display: Found up-to-date module file ../../../Engine/Plugins/Messaging/UdpMessaging/Binaries/Win64/UE4Editor-UdpMessaging.dll (API version 3944462).
LogModuleManager: Display: Found up-to-date module file ../../../Engine/Plugins/MovieScene/ActorSequence/Binaries/Win64/UE4Editor-ActorSequence.dll (API version 3944462).
LogModuleManager: Display: Found up-to-date module file ../../../Engine/Plugins/MovieScene/LevelSequenceEditor/Binaries/Win64/UE4Editor-LevelSequenceEditor.dll (API version 3944462).
LogModuleManager: Display: Found up-to-date module file ../../../Engine/Plugins/MovieScene/MatineeToLevelSequence/Binaries/Win64/UE4Editor-MatineeToLevelSequence.dll (API version 3944462).
LogModuleManager: Display: Found up-to-date module file ../../../Engine/Plugins/NetcodeUnitTest/NetcodeUnitTest/Binaries/Win64/UE4Editor-NetcodeUnitTest.dll (API version 3944462).
LogModuleManager: Display: Found up-to-date module file ../../../Engine/Plugins/NetcodeUnitTest/NUTUnrealEngine4/Binaries/Win64/UE4Editor-NUTUnrealEngine4.dll (API version 3944462).
LogModuleManager: Display: Found up-to-date module file ../../../Engine/Plugins/Online/OnlineSubsystem/Binaries/Win64/UE4Editor-OnlineSubsystem.dll (API version 3944462).
LogModuleManager: Display: Found up-to-date module file ../../../Engine/Plugins/Runtime/AndroidPermission/Binaries/Win64/UE4Editor-AndroidPermission.dll (API version 3944462).
LogModuleManager: Display: Found up-to-date module file ../../../Engine/Plugins/Online/OnlineSubsystemNull/Binaries/Win64/UE4Editor-OnlineSubsystemNull.dll (API version 3944462).
LogModuleManager: Display: Found up-to-date module file ../../../Engine/Plugins/Online/OnlineSubsystemUtils/Binaries/Win64/UE4Editor-OnlineSubsystemUtils.dll (API version 3944462).
LogModuleManager: Display: Found up-to-date module file ../../../Engine/Plugins/Online/OnlineSubsystemUtils/Binaries/Win64/UE4Editor-OnlineBlueprintSupport.dll (API version 3944462).
LogModuleManager: Display: Found up-to-date module file ../../../Engine/Plugins/Runtime/AndroidDeviceProfileSelector/Binaries/Win64/UE4Editor-AndroidDeviceProfileSelector.dll (API version 3944462).
LogModuleManager: Display: Found up-to-date module file ../../../Engine/Plugins/Runtime/AppleARKit/Binaries/Win64/UE4Editor-AppleARKit.dll (API version 3944462).
LogModuleManager: Display: Found up-to-date module file ../../../Engine/Plugins/Runtime/ProceduralMeshComponent/Binaries/Win64/UE4Editor-ProceduralMeshComponent.dll (API version 3944462).
LogModuleManager: Display: Found up-to-date module file ../../../Engine/Plugins/Runtime/ProceduralMeshComponent/Binaries/Win64/UE4Editor-ProceduralMeshComponentEditor.dll (API version 3944462).
LogModuleManager: Display: Found up-to-date module file ../../../Engine/Plugins/Animation/LiveLink/Binaries/Win64/UE4Editor-LiveLink.dll (API version 3944462).
LogModuleManager: Display: Found up-to-date module file ../../../Engine/Plugins/Animation/LiveLink/Binaries/Win64/UE4Editor-LiveLinkEditor.dll (API version 3944462).
LogModuleManager: Display: Found up-to-date module file ../../../Engine/Plugins/Runtime/ArchVisCharacter/Binaries/Win64/UE4Editor-ArchVisCharacter.dll (API version 3944462).
LogModuleManager: Display: Found up-to-date module file ../../../Engine/Plugins/Runtime/AudioCapture/Binaries/Win64/UE4Editor-AudioCapture.dll (API version 3944462).
LogModuleManager: Display: Found up-to-date module file ../../../Engine/Plugins/Runtime/AudioCapture/Binaries/Win64/UE4Editor-AudioCaptureEditor.dll (API version 3944462).
LogModuleManager: Display: Found up-to-date module file ../../../Engine/Plugins/Runtime/CableComponent/Binaries/Win64/UE4Editor-CableComponent.dll (API version 3944462).
LogModuleManager: Display: Found up-to-date module file ../../../Engine/Plugins/Runtime/CustomMeshComponent/Binaries/Win64/UE4Editor-CustomMeshComponent.dll (API version 3944462).
LogModuleManager: Display: Found up-to-date module file ../../../Engine/Plugins/Runtime/ExampleDeviceProfileSelector/Binaries/Win64/UE4Editor-ExampleDeviceProfileSelector.dll (API version 3944462).
LogModuleManager: Display: Found up-to-date module file ../../../Engine/Plugins/Runtime/ImmediatePhysics/Binaries/Win64/UE4Editor-ImmediatePhysics.dll (API version 3944462).
LogModuleManager: Display: Found up-to-date module file ../../../Engine/Plugins/Runtime/ImmediatePhysics/Binaries/Win64/UE4Editor-ImmediatePhysicsEditor.dll (API version 3944462).
LogModuleManager: Display: Found up-to-date module file ../../../Engine/Plugins/Runtime/LocationServicesBPLibrary/Binaries/Win64/UE4Editor-LocationServicesBPLibrary.dll (API version 3944462).
LogModuleManager: Display: Found up-to-date module file ../../../Engine/Plugins/Runtime/MobilePatchingUtils/Binaries/Win64/UE4Editor-MobilePatchingUtils.dll (API version 3944462).
LogModuleManager: Display: Found up-to-date module file ../../../Engine/Plugins/Runtime/Oculus/OculusVR/Binaries/Win64/UE4Editor-OculusHMD.dll (API version 3944462).
LogModuleManager: Display: Found up-to-date module file ../../../Engine/Plugins/Runtime/Oculus/OculusVR/Binaries/Win64/UE4Editor-OculusInput.dll (API version 3944462).
LogModuleManager: Display: Found up-to-date module file ../../../Engine/Plugins/Runtime/Oculus/OculusVR/Binaries/Win64/UE4Editor-OculusEditor.dll (API version 3944462).
LogModuleManager: Display: Found up-to-date module file ../../../Engine/Plugins/Runtime/PhysXVehicles/Binaries/Win64/UE4Editor-PhysXVehicles.dll (API version 3944462).
LogModuleManager: Display: Found up-to-date module file ../../../Engine/Plugins/Runtime/PhysXVehicles/Binaries/Win64/UE4Editor-PhysXVehiclesEditor.dll (API version 3944462).
LogModuleManager: Display: Found up-to-date module file ../../../Engine/Plugins/Runtime/RuntimePhysXCooking/Binaries/Win64/UE4Editor-RuntimePhysXCooking.dll (API version 3944462).
LogModuleManager: Display: Found up-to-date module file ../../../Engine/Plugins/Runtime/Steam/SteamVR/Binaries/Win64/UE4Editor-SteamVR.dll (API version 3944462).
LogModuleManager: Display: Found up-to-date module file ../../../Engine/Plugins/Runtime/Steam/SteamVR/Binaries/Win64/UE4Editor-SteamVRController.dll (API version 3944462).
LogModuleManager: Display: Found up-to-date module file ../../../Engine/Plugins/Runtime/WindowsMoviePlayer/Binaries/Win64/UE4Editor-WindowsMoviePlayer.dll (API version 3944462).
LogPluginManager: Mounting plugin Paper2D
LogPluginManager: Mounting plugin LiveLink
LogPluginManager: Mounting plugin LightPropagationVolume
LogPluginManager: Mounting plugin CLionSourceCodeAccess
LogPluginManager: Mounting plugin CodeLiteSourceCodeAccess
LogPluginManager: Mounting plugin GitSourceControl
LogPluginManager: Mounting plugin KDevelopSourceCodeAccess
LogPluginManager: Mounting plugin NullSourceCodeAccess
LogPluginManager: Mounting plugin PerforceSourceControl
LogPluginManager: Mounting plugin SubversionSourceControl
LogPluginManager: Mounting plugin UObjectPlugin
LogPluginManager: Mounting plugin VisualStudioCodeSourceCodeAccess
LogPluginManager: Mounting plugin VisualStudioSourceCodeAccess
LogPluginManager: Mounting plugin XCodeSourceCodeAccess
LogPluginManager: Mounting plugin AssetManagerEditor
LogPluginManager: Mounting plugin CryptoKeys
LogPluginManager: Mounting plugin DataValidation
LogPluginManager: Mounting plugin FacialAnimation
LogPluginManager: Mounting plugin GameplayTagsEditor
LogPluginManager: Mounting plugin MobileLauncherProfileWizard
LogPluginManager: Mounting plugin PluginBrowser
LogPluginManager: Mounting plugin SpeedTreeImporter
LogPluginManager: Mounting plugin DatasmithContent
LogPluginManager: Mounting plugin AlembicImporter
LogPluginManager: Mounting plugin CharacterAI
LogPluginManager: Mounting plugin HTML5Networking
LogPluginManager: Mounting plugin AndroidMedia
LogPluginManager: Mounting plugin AvfMedia
LogPluginManager: Mounting plugin ImgMedia
LogPluginManager: Mounting plugin LinearTimecode
LogPluginManager: Mounting plugin MediaCompositing
LogPluginManager: Mounting plugin MediaPlayerEditor
LogPluginManager: Mounting plugin WmfMedia
LogPluginManager: Mounting plugin TcpMessaging
LogPluginManager: Mounting plugin UdpMessaging
LogPluginManager: Mounting plugin ActorSequence
LogPluginManager: Mounting plugin LevelSequenceEditor
LogPluginManager: Mounting plugin MatineeToLevelSequence
LogPluginManager: Mounting plugin NetcodeUnitTest
LogPluginManager: Mounting plugin NUTUnrealEngine4
LogPluginManager: Mounting plugin OnlineSubsystemGooglePlay
LogPluginManager: Mounting plugin OnlineSubsystemIOS
LogPluginManager: Mounting plugin OnlineSubsystem
LogPluginManager: Mounting plugin OnlineSubsystemNull
LogPluginManager: Mounting plugin OnlineSubsystemUtils
LogPluginManager: Mounting plugin AndroidDeviceProfileSelector
LogPluginManager: Mounting plugin AndroidMoviePlayer
LogPluginManager: Mounting plugin AndroidPermission
LogPluginManager: Mounting plugin AppleARKit
LogPluginManager: Mounting plugin AppleMoviePlayer
LogPluginManager: Mounting plugin ArchVisCharacter
LogPluginManager: Mounting plugin AudioCapture
LogPluginManager: Mounting plugin CableComponent
LogPluginManager: Mounting plugin CustomMeshComponent
LogPluginManager: Mounting plugin ExampleDeviceProfileSelector
LogPluginManager: Mounting plugin GoogleCloudMessaging
LogPluginManager: Mounting plugin ImmediatePhysics
LogPluginManager: Mounting plugin IOSDeviceProfileSelector
LogPluginManager: Mounting plugin LinuxDeviceProfileSelector
LogPluginManager: Mounting plugin LocationServicesBPLibrary
LogPluginManager: Mounting plugin MobilePatchingUtils
LogPluginManager: Mounting plugin OculusVR
LogPluginManager: Plugin shader directory ../../../Engine/Plugins/Runtime/Oculus/OculusVR/Shaders found
LogPluginManager: Mapping shader source directory ../../../Engine/Plugins/Runtime/Oculus/OculusVR/Shaders to virtual directory /Plugin/OculusVR
LogPluginManager: Mounting plugin PhysXVehicles
LogPluginManager: Mounting plugin ProceduralMeshComponent
LogPluginManager: Mounting plugin RuntimePhysXCooking
LogPluginManager: Mounting plugin SteamVR
LogPluginManager: Mounting plugin WindowsMoviePlayer
LogStreaming: Display: Took  0.619s to configure plugins.
LogInit: Using libcurl 7.47.1
LogInit:  - built for x86_64-pc-win32
LogInit:  - supports SSL with OpenSSL/1.0.2g
LogInit:  - supports HTTP deflate (compression) using libz 1.2.8
LogInit:  - other features:
LogInit:      CURL_VERSION_SSL
LogInit:      CURL_VERSION_LIBZ
LogInit:      CURL_VERSION_IPV6
LogInit:      CURL_VERSION_ASYNCHDNS
LogInit:      CURL_VERSION_LARGEFILE
LogInit:      CURL_VERSION_IDN
LogInit:  CurlRequestOptions (configurable via config and command line):
LogInit:  - bVerifyPeer = false  - Libcurl will NOT verify peer certificate
LogInit:  - bUseHttpProxy = false  - Libcurl will NOT use HTTP proxy
LogInit:  - bDontReuseConnections = false  - Libcurl will reuse connections
LogInit:  - CertBundlePath = nullptr  - Libcurl will use whatever was configured at build time.
LogInit:  - MaxHostConnections = 16  - Libcurl will limit the number of connections to a host
LogInit:  - LocalHostAddr = Default
LogInit: WinSock: version 1.1 (2.2), MaxSocks=32767, MaxUdp=65467
LogInit: WinSock: I am DESKTOP-L1DMM4S (100.72.164.18:0)
LogInit: Build: ++UE4+Release-4.19-CL-4033788
LogInit: Engine Version: 4.19.2-4033788+++UE4+Release-4.19
LogInit: Compatible Engine Version: 4.19.0-3944462+++UE4+Release-4.19
LogInit: Net CL: 3944462
LogDevObjectVersion: Number of dev versions registered: 18
LogDevObjectVersion:   Dev-Blueprints (B0D832E4-1F89-4F0D-ACCF-7EB736FD4AA2): 10
LogDevObjectVersion:   Dev-Build (E1C64328-A22C-4D53-A36C-8E866417BD8C): 0
LogDevObjectVersion:   Dev-Core (375EC13C-06E4-48FB-B500-84F0262A717E): 2
LogDevObjectVersion:   Dev-Editor (E4B068ED-F494-42E9-A231-DA0B2E46BB41): 23
LogDevObjectVersion:   Dev-Framework (CFFC743F-43B0-4480-9391-14DF171D2073): 33
LogDevObjectVersion:   Dev-Mobile (B02B49B5-BB20-44E9-A304-32B752E40360): 2
LogDevObjectVersion:   Dev-Networking (A4E4105C-59A1-49B5-A7C5-40C4547EDFEE): 0
LogDevObjectVersion:   Dev-Online (39C831C9-5AE6-47DC-9A44-9C173E1C8E7C): 0
LogDevObjectVersion:   Dev-Physics (78F01B33-EBEA-4F98-B9B4-84EACCB95AA2): 0
LogDevObjectVersion:   Dev-Platform (6631380F-2D4D-43E0-8009-CF276956A95A): 0
LogDevObjectVersion:   Dev-Rendering (12F88B9F-8875-4AFC-A67C-D90C383ABD29): 25
LogDevObjectVersion:   Dev-Sequencer (7B5AE74C-D270-4C10-A958-57980B212A5A): 6
LogDevObjectVersion:   Dev-VR (D7296918-1DD6-4BDD-9DE2-64A83CC13884): 1
LogDevObjectVersion:   Dev-LoadTimes (C2A15278-BFE7-4AFE-6C17-90FF531DF755): 1
LogDevObjectVersion:   Private-Geometry (6EACA3D4-40EC-4CC1-B786-8BED09428FC5): 2
LogDevObjectVersion:   Dev-AnimPhys (29E575DD-E0A3-4627-9D10-D276232CDCEA): 16
LogDevObjectVersion:   Dev-ReflectionCapture (6B266CEC-1EC7-4B8F-A30B-E4D90942FC07): 1
LogDevObjectVersion:   Dev-Automation (0DF73D61-A23F-47EA-B727-89E90C41499A): 1
LogInit: Compiled (64-bit): Apr 27 2018 02:06:57
LogInit: Compiled with Visual C++: 19.00.24215.01
LogInit: Build Configuration: Development
LogInit: Branch Name: ++UE4+Release-4.19
LogInit: Command Line: -EpicPortal  -epicusername="Azerty_333" -epicuserid=be48acb5dc834a04812c9df78542e6b3 -epiclocale=en-GB
LogInit: Base Directory: D:/Epic/UE_4.19/Engine/Binaries/Win64/
LogInit: Installed Engine Build: 1
LogStreaming: Display: Took  0.000s to delete old logs.
LogInit: Presizing for max 8388607 objects, including 0 objects not considered by GC, pre-allocating 0 bytes for permanent pool.
LogInit: Object subsystem initialized
[2019.03.28-09.52.21:440][  0]LogInit: Selected Device Profile: [Windows]
[2019.03.28-09.52.21:440][  0]LogInit: Applying CVar settings loaded from the selected device profile: [Windows]
[2019.03.28-09.52.21:455][  0]LogInit: Computer: DESKTOP-L1DMM4S
[2019.03.28-09.52.21:455][  0]LogInit: User: Domin
[2019.03.28-09.52.21:455][  0]LogInit: CPU Page size=4096, Cores=6
[2019.03.28-09.52.21:455][  0]LogInit: High frequency timer resolution =3.515626 MHz
[2019.03.28-09.52.21:456][  0]LogMemory: Memory total: Physical=8.0GB (8GB approx)
[2019.03.28-09.52.21:456][  0]LogMemory: Platform Memory Stats for Windows
[2019.03.28-09.52.21:456][  0]LogMemory: Process Physical Memory: 273.36 MB used, 273.36 MB peak
[2019.03.28-09.52.21:456][  0]LogMemory: Process Virtual Memory: 270.43 MB used, 270.43 MB peak
[2019.03.28-09.52.21:456][  0]LogMemory: Physical Memory: 6180.40 MB used,  1972.28 MB free, 8152.68 MB total
[2019.03.28-09.52.21:456][  0]LogMemory: Virtual Memory: 4793.27 MB used,  1972.28 MB free, 134217728.00 MB total
[2019.03.28-09.52.21:471][  0]LogInit: Using OS detected language (en-GB).
[2019.03.28-09.52.21:471][  0]LogInit: Using OS detected locale (en-GB).
[2019.03.28-09.52.21:473][  0]LogTextLocalizationManager: No specific localization for 'en-GB' exists, so the 'en' localization will be used.
[2019.03.28-09.52.21:805][  0]LogStreaming: Display: Took  0.334s to EndInitTextLocalization.
[2019.03.28-09.52.21:805][  0]LogInit: Setting process to per monitor DPI aware
[2019.03.28-09.52.21:833][  0]LogSlate: New Slate User Created.  User Index 0, Is Virtual User: 0
[2019.03.28-09.52.21:833][  0]LogSlate: Slate User Registered.  User Index 0, Is Virtual User: 0
[2019.03.28-09.52.21:972][  0]LogD3D11RHI: D3D11 adapters:
[2019.03.28-09.52.22:033][  0]LogD3D11RHI:    0. 'NVIDIA GeForce GTX 1050 Ti' (Feature Level 11_0)
[2019.03.28-09.52.22:033][  0]LogD3D11RHI:       4018/0/4076 MB DedicatedVideo/DedicatedSystem/SharedSystem, Outputs:2, VendorId:0x10de
[2019.03.28-09.52.22:035][  0]LogD3D11RHI:    1. 'Microsoft Basic Render Driver' (Feature Level 11_0)
[2019.03.28-09.52.22:035][  0]LogD3D11RHI:       0/0/4076 MB DedicatedVideo/DedicatedSystem/SharedSystem, Outputs:0, VendorId:0x1414
[2019.03.28-09.52.22:035][  0]LogD3D11RHI: Chosen D3D11 Adapter: 0
[2019.03.28-09.52.22:044][  0]LogD3D11RHI: Creating new Direct3DDevice
[2019.03.28-09.52.22:044][  0]LogD3D11RHI:     GPU DeviceId: 0x1c82 (for the marketing name, search the web for "GPU Device Id")
[2019.03.28-09.52.22:044][  0]LogWindows: EnumDisplayDevices:
[2019.03.28-09.52.22:044][  0]LogWindows:    0. 'NVIDIA GeForce GTX 1050 Ti' (P:1 D:1)
[2019.03.28-09.52.22:045][  0]LogWindows:    1. 'NVIDIA GeForce GTX 1050 Ti' (P:0 D:1)
[2019.03.28-09.52.22:045][  0]LogWindows:    2. 'NVIDIA GeForce GTX 1050 Ti' (P:0 D:0)
[2019.03.28-09.52.22:045][  0]LogWindows:    3. 'NVIDIA GeForce GTX 1050 Ti' (P:0 D:0)
[2019.03.28-09.52.22:045][  0]LogWindows: DebugString: GetVideoDriverDetailsInvalid PrimaryIsNotTheChoosenAdapter GetVideoDriverDetailsInvalid PrimaryIsNotTheChoosenAdapter GetVideoDriverDetailsInvalid PrimaryIsNotTheChoosenAdapter GetVideoDriverDetailsInvalid PrimaryIsNotTheChoosenAdapter FoundDriverCount:0 
[2019.03.28-09.52.22:045][  0]LogD3D11RHI:     Adapter Name: NVIDIA GeForce GTX 1050 Ti
[2019.03.28-09.52.22:045][  0]LogD3D11RHI:   Driver Version: Unknown (internal:Unknown, unified:Unknown)
[2019.03.28-09.52.22:045][  0]LogD3D11RHI:      Driver Date: Unknown
[2019.03.28-09.52.22:045][  0]LogRHI: Texture pool is 2812 MB (70% of 4018 MB)
[2019.03.28-09.52.22:075][  0]LogD3D11RHI: [Aftermath] Aftermath enabled and primed
[2019.03.28-09.52.22:075][  0]LogD3D11RHI: [Aftermath] Aftermath enabled and primed
[2019.03.28-09.52.22:075][  0]LogD3D11RHI: Async texture creation enabled
[2019.03.28-09.52.22:098][  0]LogD3D11RHI: GPU Timing Frequency: 1000.000000 (Debug: 2 2)
[2019.03.28-09.52.22:147][  0]LogShaderCompilers: Guid format shader working directory is -5 characters bigger than the processId version (../../../../../Projects/3DLevelDesign/TheDen/TheDen/Intermediate/Shaders/WorkingDirectory/3548/).
[2019.03.28-09.52.22:147][  0]LogShaderCompilers: Cleaned the shader compiler working directory 'C:/Users/Domin/AppData/Local/Temp/UnrealShaderWorkingDir/73058DF84D9DA03BE7090982073F19F1/'.
[2019.03.28-09.52.22:388][  0]LogTemp: Display: Loaded TP AllDesktopTargetPlatform
[2019.03.28-09.52.22:398][  0]LogTemp: Display: Loaded TP MacClientTargetPlatform
[2019.03.28-09.52.22:409][  0]LogTemp: Display: Loaded TP MacNoEditorTargetPlatform
[2019.03.28-09.52.22:418][  0]LogTemp: Display: Loaded TP MacServerTargetPlatform
[2019.03.28-09.52.22:429][  0]LogTemp: Display: Loaded TP MacTargetPlatform
[2019.03.28-09.52.22:438][  0]LogTemp: Display: Loaded TP WindowsClientTargetPlatform
[2019.03.28-09.52.22:448][  0]LogTemp: Display: Loaded TP WindowsNoEditorTargetPlatform
[2019.03.28-09.52.22:458][  0]LogTemp: Display: Loaded TP WindowsServerTargetPlatform
[2019.03.28-09.52.22:463][  0]LogTemp: Display: Loaded TP WindowsTargetPlatform
[2019.03.28-09.52.22:471][  0]LogTemp: Display: Loaded TP Android_ASTCTargetPlatform
[2019.03.28-09.52.22:480][  0]LogTemp: Display: Loaded TP Android_ATCTargetPlatform
[2019.03.28-09.52.22:489][  0]LogTemp: Display: Loaded TP Android_DXTTargetPlatform
[2019.03.28-09.52.22:498][  0]LogTemp: Display: Loaded TP Android_ETC1aTargetPlatform
[2019.03.28-09.52.22:507][  0]LogTemp: Display: Loaded TP Android_ETC1TargetPlatform
[2019.03.28-09.52.22:516][  0]LogTemp: Display: Loaded TP Android_ETC2TargetPlatform
[2019.03.28-09.52.22:534][  0]LogTemp: Display: Loaded TP Android_MultiTargetPlatform
[2019.03.28-09.52.22:534][  0]LogTemp: Display: Loaded TP Android_PVRTCTargetPlatform
[2019.03.28-09.52.22:543][  0]LogTemp: Display: Loaded TP AndroidTargetPlatform
[2019.03.28-09.52.22:544][  0]LogTemp: Display: Loaded TP HTML5TargetPlatform
[2019.03.28-09.52.22:577][  0]LogTemp: Display: Loaded TP IOSTargetPlatform
[2019.03.28-09.52.22:588][  0]LogTemp: Display: Loaded TP TVOSTargetPlatform
[2019.03.28-09.52.22:598][  0]LogTemp: Display: Loaded TP LinuxClientTargetPlatform
[2019.03.28-09.52.22:608][  0]LogTemp: Display: Loaded TP LinuxNoEditorTargetPlatform
[2019.03.28-09.52.22:618][  0]LogTemp: Display: Loaded TP LinuxServerTargetPlatform
[2019.03.28-09.52.22:627][  0]LogTemp: Display: Loaded TP LinuxTargetPlatform
[2019.03.28-09.52.22:627][  0]LogTargetPlatformManager: Display: Building Assets For Windows
[2019.03.28-09.52.22:697][  0]LogXGEController: Cannot use XGE Controller as Incredibuild is not installed on this machine.
[2019.03.28-09.52.22:697][  0]LogShaderCompilers: Cannot use XGE Shader Compiler as Incredibuild is not installed on this machine.
[2019.03.28-09.52.22:697][  0]LogShaderCompilers: Display: Using Local Shader Compiler.
[2019.03.28-09.52.23:213][  0]LogDerivedDataCache: Display: Max Cache Size: 512 MB
[2019.03.28-09.52.23:284][  0]LogDerivedDataCache: Loaded boot cache 0.07s 74MB C:/Users/Domin/AppData/Local/UnrealEngine/4.19/DerivedDataCache/Boot.ddc.
[2019.03.28-09.52.23:284][  0]LogDerivedDataCache: Display: Loaded Boot cache: C:/Users/Domin/AppData/Local/UnrealEngine/4.19/DerivedDataCache/Boot.ddc
[2019.03.28-09.52.23:284][  0]LogDerivedDataCache: FDerivedDataBackendGraph:  Pak pak cache file ../../../../../Projects/3DLevelDesign/TheDen/TheDen/DerivedDataCache/DDC.ddp not found, will not use a pak cache.
[2019.03.28-09.52.23:284][  0]LogDerivedDataCache: Unable to find inner node Pak for hierarchical cache Hierarchy.
[2019.03.28-09.52.23:284][  0]LogDerivedDataCache: FDerivedDataBackendGraph:  CompressedPak pak cache file ../../../../../Projects/3DLevelDesign/TheDen/TheDen/DerivedDataCache/Compressed.ddp not found, will not use a pak cache.
[2019.03.28-09.52.23:284][  0]LogDerivedDataCache: Unable to find inner node CompressedPak for hierarchical cache Hierarchy.
[2019.03.28-09.52.23:296][  0]LogDerivedDataCache: Display: Pak cache opened for reading ../../../Engine/DerivedDataCache/Compressed.ddp.
[2019.03.28-09.52.23:308][  0]LogDerivedDataCache: Using Local data cache path C:/Users/Domin/AppData/Local/UnrealEngine/Common/DerivedDataCache: Writable
[2019.03.28-09.52.23:308][  0]LogDerivedDataCache: Shared data cache path not found in *engine.ini, will not use an Shared cache.
[2019.03.28-09.52.23:308][  0]LogDerivedDataCache: Unable to find inner node Shared for hierarchical cache Hierarchy.
[2019.03.28-09.52.23:317][  0]LogMaterial: Verifying Global Shaders for PCD3D_SM5
[2019.03.28-09.52.23:317][  0]LogSlate: Using Freetype 2.6.0
[2019.03.28-09.52.23:318][  0]LogSlate: SlateFontCache - WITH_FREETYPE: 1, WITH_HARFBUZZ: 1
[2019.03.28-09.52.23:318][  0]LogSlate: SlateFontCache - WITH_FREETYPE: 1, WITH_HARFBUZZ: 1
[2019.03.28-09.52.23:434][  0]LogAssetRegistry: FAssetRegistry took 0.0251 seconds to start up
[2019.03.28-09.52.23:653][  0]LogInit: Selected Device Profile: [Windows]
[2019.03.28-09.52.23:760][  0]LogSimplygon: Simplygon DLL not present - disabling.
[2019.03.28-09.52.23:762][  0]LogMeshReduction: Using SimplygonSwarm for distributed automatic mesh merging
[2019.03.28-09.52.23:762][  0]LogMeshReduction: Using QuadricMeshReduction for automatic static mesh reduction
[2019.03.28-09.52.23:762][  0]LogMeshReduction: No automatic skeletal mesh reduction module available
[2019.03.28-09.52.23:762][  0]LogMeshReduction: No automatic mesh merging module available
[2019.03.28-09.52.23:762][  0]LogMeshMerging: No automatic mesh merging module available
[2019.03.28-09.52.23:789][  0]LogNetVersion: TheDen , NetCL: 3944462, EngineNetVer: 2, GameNetVer: 0 (Checksum: 147918773)
[2019.03.28-09.52.24:246][  0]LogPackageLocalizationCache: Processed 9 localized package path(s) for 2 prioritized culture(s) in 0.095408 seconds
[2019.03.28-09.52.24:251][  0]LogUObjectArray: 36728 objects as part of root set at end of initial load.
[2019.03.28-09.52.24:251][  0]LogUObjectAllocator: 7314312 out of 0 bytes used by permanent object pool.
[2019.03.28-09.52.24:251][  0]LogUObjectArray: CloseDisregardForGC: 0/0 objects in disregard for GC pool
[2019.03.28-09.52.25:558][  0]LogTcpMessaging: Initializing TcpMessaging bridge
[2019.03.28-09.52.25:581][  0]LogUdpMessaging: Initializing bridge on interface 0.0.0.0:0 to multicast group 230.0.0.1:6666.
[2019.03.28-09.52.25:863][  0]SourceControl: Source control is disabled
[2019.03.28-09.52.25:863][  0]SourceControl: Source control is disabled
[2019.03.28-09.52.25:874][  0]SourceControl: Source control is disabled
[2019.03.28-09.52.25:885][  0]SourceControl: Source control is disabled
[2019.03.28-09.52.26:221][  0]LogAndroidPermission: UAndroidPermissionCallbackProxy::GetInstance
[2019.03.28-09.52.26:328][  0]LogOcInput: OculusInput pre-init called
[2019.03.28-09.52.26:404][  0]LogEngine: Initializing Engine...
[2019.03.28-09.52.26:405][  0]LogHMD: Failed to initialize OpenVR with code 110
[2019.03.28-09.52.26:406][  0]LogStats: UGameplayTagsManager::ConstructGameplayTagTree: Construct from data asset -  0.000 s
[2019.03.28-09.52.26:406][  0]LogStats: UGameplayTagsManager::ConstructGameplayTagTree: GameplayTagTreeChangedEvent.Broadcast -  0.000 s
[2019.03.28-09.52.26:623][  0]LogAIModule: Creating AISystem for world Untitled
[2019.03.28-09.52.26:691][  0]LogInit: XAudio2 using 'Headset (SB Tactic(3D) Wrath Wireless)' : 2 channels at 48 kHz using 16 bits per sample (channel mask 0x3)
[2019.03.28-09.52.26:713][  0]LogInit: FAudioDevice initialized.
[2019.03.28-09.52.26:803][  0]LogDerivedDataCache: Saved boot cache 0.09s 74MB C:/Users/Domin/AppData/Local/UnrealEngine/4.19/DerivedDataCache/Boot.ddc.
[2019.03.28-09.52.26:817][  0]LogInit: Texture streaming: Enabled
[2019.03.28-09.52.26:827][  0]LogEngineSessionManager: EngineSessionManager initialized
[2019.03.28-09.52.27:039][  0]LogInit: Transaction tracking system initialized
[2019.03.28-09.52.27:052][  0]BlueprintLog: New page: Editor Load
[2019.03.28-09.52.27:093][  0]LocalizationService: Localization service is disabled
[2019.03.28-09.52.27:155][  0]LogConsoleResponse: Display: 
[2019.03.28-09.52.27:415][  0]LogCook: Display: Max memory allowance for cook 16384mb min free memory 0mb
[2019.03.28-09.52.27:415][  0]LogCook: Display: Mobile HDR setting 1
[2019.03.28-09.52.27:415][  0]LogGameplayTags: Display: UGameplayTagsManager::DoneAddingNativeTags. DelegateIsBound: 0
[2019.03.28-09.52.27:415][  0]LogStats: UGameplayTagsManager::ConstructGameplayTagTree: Construct from data asset -  0.000 s
[2019.03.28-09.52.27:415][  0]LogStats: UGameplayTagsManager::ConstructGameplayTagTree: GameplayTagTreeChangedEvent.Broadcast -  0.000 s
[2019.03.28-09.52.27:446][  0]LogFileCache: Scanning file cache for directory 'D:/Projects/3DLevelDesign/TheDen/TheDen/Content/' took 0.04s
[2019.03.28-09.52.27:643][  0]SourceControl: Source control is disabled
[2019.03.28-09.52.27:643][  0]Cmd: MAP LOAD FILE="../../../../../Projects/3DLevelDesign/TheDen/TheDen/Content/LevelDesign/Maps/PlayLevel.umap" TEMPLATE=0 SHOWPROGRESS=1 FEATURELEVEL=3
[2019.03.28-09.52.27:644][  0]LightingResults: New page: Lighting Build
[2019.03.28-09.52.27:645][  0]MapCheck: New page: Map Check
[2019.03.28-09.52.27:645][  0]LightingResults: New page: Lighting Build
[2019.03.28-09.52.27:674][  0]LogUObjectGlobals: Created PersistentFrame Addr=0x00000269c2897890, Size=4, Default__LD_playerController_C Function /Game/LevelDesign/LD_playerController.LD_playerController_C:ExecuteUbergraph_LD_playerController
[2019.03.28-09.52.27:720][  0]LogUObjectGlobals: Destroyed PersistentFrame Addr=0x00000269c2897890, Size=4
[2019.03.28-09.52.27:720][  0]LogUObjectGlobals: Created PersistentFrame Addr=0x00000269c2897890, Size=4, Default__LD_playerController_C Function /Engine/Transient.REINST_LD_playerController_C_1:ExecuteUbergraph_LD_playerController
[2019.03.28-09.52.27:789][  0]LogUObjectGlobals: Created PersistentFrame Addr=0x00000269c2897988, Size=4, Default__LD_playerController_C Function /Game/LevelDesign/LD_playerController.LD_playerController_C:ExecuteUbergraph_LD_playerController
[2019.03.28-09.52.27:968][  0]LogUObjectGlobals: Created PersistentFrame Addr=0x00000269ddf948c0, Size=64, Default__ThirdPerson_AnimBP_C Function /Game/Mannequin/Animations/ThirdPerson_AnimBP.ThirdPerson_AnimBP_C:ExecuteUbergraph_ThirdPerson_AnimBP
[2019.03.28-09.52.28:146][  0]LogUObjectGlobals: Destroyed PersistentFrame Addr=0x00000269ddf948c0, Size=64
[2019.03.28-09.52.28:146][  0]LogUObjectGlobals: Created PersistentFrame Addr=0x00000269dd4c7280, Size=64, Default__ThirdPerson_AnimBP_C Function /Engine/Transient.REINST_ThirdPerson_AnimBP_C_0:ExecuteUbergraph_ThirdPerson_AnimBP
[2019.03.28-09.52.28:212][  0]LogUObjectGlobals: Created PersistentFrame Addr=0x00000269e44ebf60, Size=72, Default__ThirdPerson_AnimBP_C Function /Game/Mannequin/Animations/ThirdPerson_AnimBP.ThirdPerson_AnimBP_C:ExecuteUbergraph_ThirdPerson_AnimBP
[2019.03.28-09.52.28:624][  0]LogUObjectGlobals: Created PersistentFrame Addr=0x00000269cc1b4b80, Size=384, Default__ThirdPersonCharacter_C Function /Game/ThirdPersonBP/Blueprints/ThirdPersonCharacter.ThirdPersonCharacter_C:ExecuteUbergraph_ThirdPersonCharacter
[2019.03.28-09.52.28:662][  0]LogUObjectGlobals: Destroyed PersistentFrame Addr=0x00000269cc1b4b80, Size=384
[2019.03.28-09.52.28:662][  0]LogUObjectGlobals: Created PersistentFrame Addr=0x00000269e4919180, Size=384, Default__ThirdPersonCharacter_C Function /Engine/Transient.REINST_ThirdPersonCharacter_C_6:ExecuteUbergraph_ThirdPersonCharacter
[2019.03.28-09.52.28:725][  0]LogUObjectGlobals: Created PersistentFrame Addr=0x00000269e48d8b80, Size=384, Default__ThirdPersonCharacter_C Function /Game/ThirdPersonBP/Blueprints/ThirdPersonCharacter.ThirdPersonCharacter_C:ExecuteUbergraph_ThirdPersonCharacter
[2019.03.28-09.52.28:733][  0]LogUObjectGlobals: Created PersistentFrame Addr=0x00000269cb3351c0, Size=264, Default__Doorset_DoorFrame_Blueprint_C Function /Game/Provision/Doorset_DoorFrame_Blueprint.Doorset_DoorFrame_Blueprint_C:ExecuteUbergraph_Doorset_DoorFrame_Blueprint
[2019.03.28-09.52.28:747][  0]LogUObjectGlobals: Destroyed PersistentFrame Addr=0x00000269cb3351c0, Size=264
[2019.03.28-09.52.28:747][  0]LogUObjectGlobals: Created PersistentFrame Addr=0x00000269cb3351c0, Size=264, Default__Doorset_DoorFrame_Blueprint_C Function /Engine/Transient.REINST_Doorset_DoorFrame_Blueprint_C_8:ExecuteUbergraph_Doorset_DoorFrame_Blueprint
[2019.03.28-09.52.28:768][  0]LogUObjectGlobals: Created PersistentFrame Addr=0x00000269e487bd80, Size=264, Default__Doorset_DoorFrame_Blueprint_C Function /Game/Provision/Doorset_DoorFrame_Blueprint.Doorset_DoorFrame_Blueprint_C:ExecuteUbergraph_Doorset_DoorFrame_Blueprint
[2019.03.28-09.52.28:774][  0]LogUObjectGlobals: Created PersistentFrame Addr=0x00000269e489d7c0, Size=224, Default__Pickup_Blueprint_C Function /Game/Provision/Pickup_Blueprint.Pickup_Blueprint_C:ExecuteUbergraph_Pickup_Blueprint
[2019.03.28-09.52.28:776][  0]LogUObjectGlobals: Destroyed PersistentFrame Addr=0x00000269e489d7c0, Size=224
[2019.03.28-09.52.28:776][  0]LogUObjectGlobals: Created PersistentFrame Addr=0x00000269e489d7c0, Size=224, Default__Pickup_Blueprint_C Function /Engine/Transient.REINST_Pickup_Blueprint_C_10:ExecuteUbergraph_Pickup_Blueprint
[2019.03.28-09.52.28:778][  0]LogUObjectGlobals: Created PersistentFrame Addr=0x00000269e489c720, Size=224, Default__Pickup_Blueprint_C Function /Game/Provision/Pickup_Blueprint.Pickup_Blueprint_C:ExecuteUbergraph_Pickup_Blueprint
[2019.03.28-09.52.29:429][  0]LogTexture: Display: Building textures: ShadowMapTexture2D_3 (BGRA8, 1024X512)
[2019.03.28-09.52.29:429][  0]LogTexture: Display: Building textures: HQ_Lightmap1_1 (AutoDXT, 1024X1024)
[2019.03.28-09.52.29:429][  0]LogTexture: Display: Building textures: LQ_Lightmap_1_1 (DXT1, 1024X1024)
[2019.03.28-09.52.29:433][  0]LogStaticMesh: Building static mesh Ceiling...
[2019.03.28-09.52.29:473][  0]LogStaticMesh: Built static mesh [0.04s] /Game/LevelDesign/Meshes/Modular/Ceiling.Ceiling
[2019.03.28-09.52.29:612][  0]LogStaticMesh: Building static mesh Column...
[2019.03.28-09.52.29:616][  0]LogStaticMesh: Built static mesh [0.01s] /Game/LevelDesign/Meshes/Modular/Column.Column
[2019.03.28-09.52.29:625][  0]LogStaticMesh: Building static mesh CorridorFloor...
[2019.03.28-09.52.29:629][  0]LogStaticMesh: Built static mesh [0.01s] /Game/LevelDesign/Meshes/Modular/CorridorFloor.CorridorFloor
[2019.03.28-09.52.29:642][  0]LogStaticMesh: Building static mesh Doorset_DoorSlider...
[2019.03.28-09.52.29:654][  0]LogStaticMesh: Built static mesh [0.01s] /Game/Provision/Mesh/Doorset_DoorSlider.Doorset_DoorSlider
[2019.03.28-09.52.29:657][  0]LogStaticMesh: Building static mesh Doorset_DoorFrame...
[2019.03.28-09.52.29:660][  0]LogStaticMesh: Built static mesh [0.00s] /Game/Provision/Mesh/Doorset_DoorFrame.Doorset_DoorFrame
[2019.03.28-09.52.29:664][  0]LogStaticMesh: Building static mesh Lever...
[2019.03.28-09.52.29:666][  0]LogStaticMesh: Built static mesh [0.00s] /Game/LevelDesign/Meshes/Modular/Lever.Lever
[2019.03.28-09.52.29:670][  0]LogStaticMesh: Building static mesh LeverBase...
[2019.03.28-09.52.29:674][  0]LogStaticMesh: Built static mesh [0.01s] /Game/LevelDesign/Meshes/Modular/LeverBase.LeverBase
[2019.03.28-09.52.29:675][  0]LogStaticMesh: Building static mesh NormalFloor...
[2019.03.28-09.52.29:677][  0]LogStaticMesh: Built static mesh [0.00s] /Game/LevelDesign/Meshes/Modular/NormalFloor.NormalFloor
[2019.03.28-09.52.29:678][  0]LogStaticMesh: Building static mesh Pickup...
[2019.03.28-09.52.29:681][  0]LogStaticMesh: Built static mesh [0.00s] /Game/Provision/Mesh/Pickup.Pickup
[2019.03.28-09.52.29:687][  0]LogStaticMesh: Building static mesh Wall...
[2019.03.28-09.52.29:695][  0]LogStaticMesh: Built static mesh [0.01s] /Game/LevelDesign/Meshes/Modular/Wall.Wall
[2019.03.28-09.52.29:697][  0]LogStaticMesh: Building static mesh WindowWall...
[2019.03.28-09.52.29:702][  0]LogStaticMesh: Built static mesh [0.01s] /Game/LevelDesign/Meshes/Modular/WindowWall.WindowWall
[2019.03.28-09.52.29:998][  0]LogSkeletalMesh: Skeletal Mesh found in DDC [91.041252ms] /Game/Mannequin/Character/Mesh/SK_Mannequin.SK_Mannequin
[2019.03.28-09.52.30:073][  0]LogAIModule: Creating AISystem for world PlayLevel
[2019.03.28-09.52.30:189][  0]LogEditorServer: Finished looking for orphan Actors (0.000 secs)
[2019.03.28-09.52.30:200][  0]LogUObjectGlobals: Destroyed PersistentFrame Addr=0x00000269c2897890, Size=4
[2019.03.28-09.52.30:200][  0]LogUObjectGlobals: Destroyed PersistentFrame Addr=0x00000269dd4c7280, Size=64
[2019.03.28-09.52.30:223][  0]LogUObjectGlobals: Destroyed PersistentFrame Addr=0x00000269e4919180, Size=384
[2019.03.28-09.52.30:223][  0]LogUObjectGlobals: Destroyed PersistentFrame Addr=0x00000269cb3351c0, Size=264
[2019.03.28-09.52.30:223][  0]LogUObjectGlobals: Destroyed PersistentFrame Addr=0x00000269e489d7c0, Size=224
[2019.03.28-09.52.30:250][  0]Cmd: MAP CHECKDEP NOCLEARLOG
[2019.03.28-09.52.30:292][  0]MapCheck: Map check complete: 0 Error(s), 0 Warning(s), took 42.249ms to complete.
[2019.03.28-09.52.30:292][  0]LogFileHelpers: Loading map 'PlayLevel' took 2.649
[2019.03.28-09.52.31:424][  0]LogCollectionManager: Loaded 0 collections in 0.000934 seconds
[2019.03.28-09.52.31:601][  0]LogFileCache: Scanning file cache for directory 'D:/Projects/3DLevelDesign/TheDen/TheDen/Saved/Collections/' took 0.01s
[2019.03.28-09.52.31:601][  0]LogFileCache: Scanning file cache for directory 'D:/Projects/3DLevelDesign/TheDen/TheDen/Content/Developers/Domin/Collections/' took 0.01s
[2019.03.28-09.52.31:601][  0]LogFileCache: Scanning file cache for directory 'D:/Projects/3DLevelDesign/TheDen/TheDen/Content/Collections/' took 0.01s
[2019.03.28-09.52.31:601][  0]LogCollectionManager: Rebuilt the GUID cache for 0 collections in 0.000001 seconds
[2019.03.28-09.52.31:615][  0]LogContentBrowser: Native class hierarchy populated in 0.0085 seconds. Added 2452 classes and 558 folders.
[2019.03.28-09.52.31:834][  0]LogContentBrowser: Native class hierarchy updated for 'WidgetCarousel' in 0.0002 seconds. Added 0 classes and 0 folders.
[2019.03.28-09.52.33:600][  0]LogContentBrowser: Native class hierarchy updated for 'AddContentDialog' in 0.0003 seconds. Added 0 classes and 0 folders.
[2019.03.28-09.52.33:793][  0]LogContentBrowser: Native class hierarchy updated for 'SceneOutliner' in 0.0008 seconds. Added 1 classes and 2 folders.
[2019.03.28-09.52.35:043][  0]LogSlate: Took 0.000236 seconds to synchronously load lazily loaded font '../../../Engine/Content/Slate/Fonts/Roboto-Regular.ttf' (155K)
[2019.03.28-09.52.35:051][  0]LogSlate: Took 0.000157 seconds to synchronously load lazily loaded font '../../../Engine/Content/Slate/Fonts/Roboto-Bold.ttf' (160K)
[2019.03.28-09.52.35:175][  0]LogSlate: Took 0.027986 seconds to synchronously load lazily loaded font '../../../Engine/Content/Editor/Slate/Fonts/FontAwesome.ttf' (139K)
[2019.03.28-09.52.35:840][  0]LogRenderer: Reallocating scene render targets to support 1208x580 Format 10 NumSamples 1 (Frame:1).
[2019.03.28-09.52.36:443][  0]LogSlate: FSceneViewport::OnFocusLost() reason 2
[2019.03.28-09.52.36:522][  0]LogSlate: Window 'Tutorials' being destroyed
[2019.03.28-09.52.36:553][  0]LogContentBrowser: Native class hierarchy updated for 'HierarchicalLODOutliner' in 0.0002 seconds. Added 0 classes and 0 folders.
[2019.03.28-09.52.36:553][  0]LogLoad: (Engine Initialization) Total time: 16.84 seconds
[2019.03.28-09.52.36:553][  0]LogLoad: (Engine Initialization) Total Blueprint compile time: 0.00 seconds
[2019.03.28-09.52.36:617][  0]LogWindowsTextInputMethodSystem: Display: IME system now deactivated.
[2019.03.28-09.52.36:645][  0]LogAssetRegistry: Asset discovery search completed in 13.2330 seconds
[2019.03.28-09.52.36:646][  0]LogCollectionManager: Rebuilt the object cache for 0 collections in 0.000001 seconds (found 0 objects)
[2019.03.28-09.52.36:646][  0]LogCollectionManager: Fixed up redirectors for 0 collections in 0.000042 seconds (updated 0 objects)
[2019.03.28-09.52.36:717][  0]LogContentStreaming: Texture pool size now 1000 MB
[2019.03.28-09.52.36:897][  0]LogSlate: Took 0.030551 seconds to synchronously load lazily loaded font '../../../Engine/Content/Slate/Fonts/Roboto-Light.ttf' (167K)
[2019.03.28-09.52.36:925][  1]LogFileCache: Retrieving MD5 hashes for directory 'D:/Projects/3DLevelDesign/TheDen/TheDen/Content/' took 0.30s
[2019.03.28-09.52.38:077][ 34]LogSlate: Took 0.000182 seconds to synchronously load lazily loaded font '../../../Engine/Content/Slate/Fonts/Roboto-Light.ttf' (167K)
